2023-10-11 12:12:29,555 - INFO - Download failed for candidate: JOHN-TRENT KELLY, State: MS, District: 01
2023-10-11 12:12:31,639 - INFO - Download failed for candidate: KELLY ARMSTRONG, State: ND, District: 00
2023-10-11 12:12:44,323 - INFO - Export button disabled for candidate: MIKE FLOOD, State: NE, District: 01
2023-10-11 12:12:47,342 - INFO - Export button disabled for candidate: JOHN BERGMAN, State: MI, District: 01
2023-10-11 12:12:47,616 - INFO - Export button disabled for candidate: DONALD-W NORCROSS, State: NJ, District: 01
2023-10-11 12:12:48,003 - INFO - Export button disabled for candidate: MELANIE STANSBURY, State: NM, District: 01
2023-10-11 12:13:01,140 - INFO - Export button disabled for candidate: CORI BUSH, State: MO, District: 01
2023-10-11 12:13:01,725 - INFO - Export button disabled for candidate: SANDY SMITH, State: NC, District: 01
2023-10-11 12:13:52,221 - INFO - Export button disabled for candidate: DEAN MARTILLI, State: MA, District: 01
2023-10-11 12:14:09,848 - INFO - Download failed for candidate: PATTY PANSING-BROOKS, State: NE, District: 01
2023-10-11 12:14:10,263 - INFO - Download failed for candidate: MARK MOORES, State: NM, District: 01
2023-10-11 12:14:10,313 - INFO - Download failed for candidate: ROBERT-JAMES LORINSER, State: MI, District: 01
2023-10-11 12:14:15,317 - INFO - Download failed for candidate: DIANNE-DODSON BLACK, State: MS, District: 01
2023-10-11 12:14:36,834 - INFO - Export button disabled for candidate: SANDY ROBERSON, State: NC, District: 01
2023-10-11 12:14:37,428 - INFO - Export button disabled for candidate: STEVEN-C ROBERTS, State: MO, District: 01
2023-10-11 12:14:39,222 - INFO - Export button disabled for candidate: MICHELLE GARCIA-HOLMES, State: NM, District: 01
2023-10-11 12:14:42,694 - INFO - Export button disabled for candidate: CLAIRE-H. GUSTAFSON, State: NJ, District: 01
2023-10-11 12:15:03,866 - WARNING - Retrying (Retry(total=2, connect=None, read=None, redirect=None, status=None)) after connection broken by 'NewConnectionError('<urllib3.connection.HTTPConnection object at 0x1046dd0a0>: Failed to establish a new connection: [Errno 61] Connection refused')': /session/cde2a2ea-9d4c-4ec7-92d8-2aaf7090b43d/element
2023-10-11 12:15:03,867 - WARNING - Retrying (Retry(total=1, connect=None, read=None, redirect=None, status=None)) after connection broken by 'NewConnectionError('<urllib3.connection.HTTPConnection object at 0x102d5bf10>: Failed to establish a new connection: [Errno 61] Connection refused')': /session/cde2a2ea-9d4c-4ec7-92d8-2aaf7090b43d/element
2023-10-11 12:15:03,868 - WARNING - Retrying (Retry(total=0, connect=None, read=None, redirect=None, status=None)) after connection broken by 'NewConnectionError('<urllib3.connection.HTTPConnection object at 0x102d5bc10>: Failed to establish a new connection: [Errno 61] Connection refused')': /session/cde2a2ea-9d4c-4ec7-92d8-2aaf7090b43d/element
2023-10-11 12:15:03,886 - WARNING - Retrying (Retry(total=2, connect=None, read=None, redirect=None, status=None)) after connection broken by 'NewConnectionError('<urllib3.connection.HTTPConnection object at 0x105b69790>: Failed to establish a new connection: [Errno 61] Connection refused')': /session/6915a071-8f0b-4763-97eb-1aba444ff053/element
2023-10-11 12:15:03,886 - WARNING - Retrying (Retry(total=2, connect=None, read=None, redirect=None, status=None)) after connection broken by 'NewConnectionError('<urllib3.connection.HTTPConnection object at 0x105e25a30>: Failed to establish a new connection: [Errno 61] Connection refused')': /session/a6fa3850-47f8-43ff-9ae4-0f3d8d87f6c9/element
2023-10-11 12:15:03,887 - WARNING - Retrying (Retry(total=1, connect=None, read=None, redirect=None, status=None)) after connection broken by 'NewConnectionError('<urllib3.connection.HTTPConnection object at 0x102e7e190>: Failed to establish a new connection: [Errno 61] Connection refused')': /session/6915a071-8f0b-4763-97eb-1aba444ff053/element
2023-10-11 12:15:03,887 - WARNING - Retrying (Retry(total=1, connect=None, read=None, redirect=None, status=None)) after connection broken by 'NewConnectionError('<urllib3.connection.HTTPConnection object at 0x102e7e2e0>: Failed to establish a new connection: [Errno 61] Connection refused')': /session/a6fa3850-47f8-43ff-9ae4-0f3d8d87f6c9/element
2023-10-11 12:15:03,887 - WARNING - Retrying (Retry(total=0, connect=None, read=None, redirect=None, status=None)) after connection broken by 'NewConnectionError('<urllib3.connection.HTTPConnection object at 0x102e7e4c0>: Failed to establish a new connection: [Errno 61] Connection refused')': /session/6915a071-8f0b-4763-97eb-1aba444ff053/element
2023-10-11 12:15:03,887 - WARNING - Retrying (Retry(total=0, connect=None, read=None, redirect=None, status=None)) after connection broken by 'NewConnectionError('<urllib3.connection.HTTPConnection object at 0x102e7ff10>: Failed to establish a new connection: [Errno 61] Connection refused')': /session/a6fa3850-47f8-43ff-9ae4-0f3d8d87f6c9/element
2023-10-11 12:15:03,900 - WARNING - Retrying (Retry(total=2, connect=None, read=None, redirect=None, status=None)) after connection broken by 'NewConnectionError('<urllib3.connection.HTTPConnection object at 0x102e813d0>: Failed to establish a new connection: [Errno 61] Connection refused')': /session/6915a071-8f0b-4763-97eb-1aba444ff053/refresh
2023-10-11 12:15:03,925 - WARNING - Retrying (Retry(total=1, connect=None, read=None, redirect=None, status=None)) after connection broken by 'NewConnectionError('<urllib3.connection.HTTPConnection object at 0x102d9aa90>: Failed to establish a new connection: [Errno 61] Connection refused')': /session/6915a071-8f0b-4763-97eb-1aba444ff053/refresh
2023-10-11 12:15:03,927 - WARNING - Retrying (Retry(total=2, connect=None, read=None, redirect=None, status=None)) after connection broken by 'NewConnectionError('<urllib3.connection.HTTPConnection object at 0x105e250d0>: Failed to establish a new connection: [Errno 61] Connection refused')': /session/27c194a6-4acf-4cb5-ab1f-012e6b1baee0/element
2023-10-11 12:15:03,927 - WARNING - Retrying (Retry(total=2, connect=None, read=None, redirect=None, status=None)) after connection broken by 'NewConnectionError('<urllib3.connection.HTTPConnection object at 0x1046e7940>: Failed to establish a new connection: [Errno 61] Connection refused')': /session/5d7c444c-6a1f-4499-bbf5-443d7875df20/element
2023-10-11 12:15:03,928 - WARNING - Retrying (Retry(total=0, connect=None, read=None, redirect=None, status=None)) after connection broken by 'NewConnectionError('<urllib3.connection.HTTPConnection object at 0x1046dd0a0>: Failed to establish a new connection: [Errno 61] Connection refused')': /session/6915a071-8f0b-4763-97eb-1aba444ff053/refresh
2023-10-11 12:15:03,928 - WARNING - Retrying (Retry(total=2, connect=None, read=None, redirect=None, status=None)) after connection broken by 'NewConnectionError('<urllib3.connection.HTTPConnection object at 0x105e25f10>: Failed to establish a new connection: [Errno 61] Connection refused')': /session/27318d27-b156-44e7-913d-028428955421/element
2023-10-11 12:15:03,929 - WARNING - Retrying (Retry(total=1, connect=None, read=None, redirect=None, status=None)) after connection broken by 'NewConnectionError('<urllib3.connection.HTTPConnection object at 0x1046dd850>: Failed to establish a new connection: [Errno 61] Connection refused')': /session/27c194a6-4acf-4cb5-ab1f-012e6b1baee0/element
2023-10-11 12:15:03,930 - WARNING - Retrying (Retry(total=1, connect=None, read=None, redirect=None, status=None)) after connection broken by 'NewConnectionError('<urllib3.connection.HTTPConnection object at 0x1046bd8e0>: Failed to establish a new connection: [Errno 61] Connection refused')': /session/27318d27-b156-44e7-913d-028428955421/element
2023-10-11 12:15:03,929 - WARNING - Retrying (Retry(total=1, connect=None, read=None, redirect=None, status=None)) after connection broken by 'NewConnectionError('<urllib3.connection.HTTPConnection object at 0x1046ddb80>: Failed to establish a new connection: [Errno 61] Connection refused')': /session/5d7c444c-6a1f-4499-bbf5-443d7875df20/element
2023-10-11 12:15:03,931 - WARNING - Retrying (Retry(total=0, connect=None, read=None, redirect=None, status=None)) after connection broken by 'NewConnectionError('<urllib3.connection.HTTPConnection object at 0x1046bd400>: Failed to establish a new connection: [Errno 61] Connection refused')': /session/27c194a6-4acf-4cb5-ab1f-012e6b1baee0/element
2023-10-11 12:15:03,931 - WARNING - Retrying (Retry(total=0, connect=None, read=None, redirect=None, status=None)) after connection broken by 'NewConnectionError('<urllib3.connection.HTTPConnection object at 0x105b698b0>: Failed to establish a new connection: [Errno 61] Connection refused')': /session/5d7c444c-6a1f-4499-bbf5-443d7875df20/element
2023-10-11 12:15:03,933 - WARNING - Retrying (Retry(total=0, connect=None, read=None, redirect=None, status=None)) after connection broken by 'NewConnectionError('<urllib3.connection.HTTPConnection object at 0x1046e9790>: Failed to establish a new connection: [Errno 61] Connection refused')': /session/27318d27-b156-44e7-913d-028428955421/element
2023-10-11 12:15:03,934 - WARNING - Retrying (Retry(total=2, connect=None, read=None, redirect=None, status=None)) after connection broken by 'NewConnectionError('<urllib3.connection.HTTPConnection object at 0x102e81460>: Failed to establish a new connection: [Errno 61] Connection refused')': /session/5d7c444c-6a1f-4499-bbf5-443d7875df20/refresh
2023-10-11 12:15:03,935 - WARNING - Retrying (Retry(total=1, connect=None, read=None, redirect=None, status=None)) after connection broken by 'NewConnectionError('<urllib3.connection.HTTPConnection object at 0x1046dd7c0>: Failed to establish a new connection: [Errno 61] Connection refused')': /session/5d7c444c-6a1f-4499-bbf5-443d7875df20/refresh
2023-10-11 12:15:03,938 - WARNING - Retrying (Retry(total=0, connect=None, read=None, redirect=None, status=None)) after connection broken by 'NewConnectionError('<urllib3.connection.HTTPConnection object at 0x102e814f0>: Failed to establish a new connection: [Errno 61] Connection refused')': /session/5d7c444c-6a1f-4499-bbf5-443d7875df20/refresh
2023-10-11 12:15:04,001 - WARNING - Retrying (Retry(total=2, connect=None, read=None, redirect=None, status=None)) after connection broken by 'NewConnectionError('<urllib3.connection.HTTPConnection object at 0x1046f9160>: Failed to establish a new connection: [Errno 61] Connection refused')': /session/b7ec99ce-15a9-4393-8aa3-84c7c44b366f/element
2023-10-11 12:15:04,002 - WARNING - Retrying (Retry(total=1, connect=None, read=None, redirect=None, status=None)) after connection broken by 'NewConnectionError('<urllib3.connection.HTTPConnection object at 0x105bf0d30>: Failed to establish a new connection: [Errno 61] Connection refused')': /session/b7ec99ce-15a9-4393-8aa3-84c7c44b366f/element
2023-10-11 12:15:04,002 - WARNING - Retrying (Retry(total=0, connect=None, read=None, redirect=None, status=None)) after connection broken by 'NewConnectionError('<urllib3.connection.HTTPConnection object at 0x102d5bc10>: Failed to establish a new connection: [Errno 61] Connection refused')': /session/b7ec99ce-15a9-4393-8aa3-84c7c44b366f/element
2023-10-11 12:15:04,010 - WARNING - Retrying (Retry(total=2, connect=None, read=None, redirect=None, status=None)) after connection broken by 'NewConnectionError('<urllib3.connection.HTTPConnection object at 0x105b69100>: Failed to establish a new connection: [Errno 61] Connection refused')': /session/858766a9-930d-4045-bcbb-55032675a3ff/element
2023-10-11 12:15:04,011 - WARNING - Retrying (Retry(total=1, connect=None, read=None, redirect=None, status=None)) after connection broken by 'NewConnectionError('<urllib3.connection.HTTPConnection object at 0x102ea0670>: Failed to establish a new connection: [Errno 61] Connection refused')': /session/858766a9-930d-4045-bcbb-55032675a3ff/element
2023-10-11 12:15:04,011 - WARNING - Retrying (Retry(total=0, connect=None, read=None, redirect=None, status=None)) after connection broken by 'NewConnectionError('<urllib3.connection.HTTPConnection object at 0x102ec5970>: Failed to establish a new connection: [Errno 61] Connection refused')': /session/858766a9-930d-4045-bcbb-55032675a3ff/element
2023-10-11 12:15:04,013 - WARNING - Retrying (Retry(total=2, connect=None, read=None, redirect=None, status=None)) after connection broken by 'NewConnectionError('<urllib3.connection.HTTPConnection object at 0x102e9f100>: Failed to establish a new connection: [Errno 61] Connection refused')': /session/858766a9-930d-4045-bcbb-55032675a3ff/refresh
2023-10-11 12:15:04,013 - WARNING - Retrying (Retry(total=1, connect=None, read=None, redirect=None, status=None)) after connection broken by 'NewConnectionError('<urllib3.connection.HTTPConnection object at 0x102e875e0>: Failed to establish a new connection: [Errno 61] Connection refused')': /session/858766a9-930d-4045-bcbb-55032675a3ff/refresh
2023-10-11 12:15:04,013 - WARNING - Retrying (Retry(total=0, connect=None, read=None, redirect=None, status=None)) after connection broken by 'NewConnectionError('<urllib3.connection.HTTPConnection object at 0x102ea0d90>: Failed to establish a new connection: [Errno 61] Connection refused')': /session/858766a9-930d-4045-bcbb-55032675a3ff/refresh
2023-10-11 12:15:04,029 - WARNING - Retrying (Retry(total=2, connect=None, read=None, redirect=None, status=None)) after connection broken by 'NewConnectionError('<urllib3.connection.HTTPConnection object at 0x1046f3af0>: Failed to establish a new connection: [Errno 61] Connection refused')': /session/0da4e27a-1abe-4fab-bfb3-85ac1b298e2a/element
2023-10-11 12:15:04,030 - WARNING - Retrying (Retry(total=1, connect=None, read=None, redirect=None, status=None)) after connection broken by 'NewConnectionError('<urllib3.connection.HTTPConnection object at 0x102ea5610>: Failed to establish a new connection: [Errno 61] Connection refused')': /session/0da4e27a-1abe-4fab-bfb3-85ac1b298e2a/element
2023-10-11 12:15:04,030 - WARNING - Retrying (Retry(total=2, connect=None, read=None, redirect=None, status=None)) after connection broken by 'NewConnectionError('<urllib3.connection.HTTPConnection object at 0x1046e7e20>: Failed to establish a new connection: [Errno 61] Connection refused')': /session/959740d8-542b-4e84-a718-394b54809db5/element
2023-10-11 12:15:04,031 - WARNING - Retrying (Retry(total=0, connect=None, read=None, redirect=None, status=None)) after connection broken by 'NewConnectionError('<urllib3.connection.HTTPConnection object at 0x1046f9dc0>: Failed to establish a new connection: [Errno 61] Connection refused')': /session/0da4e27a-1abe-4fab-bfb3-85ac1b298e2a/element
2023-10-11 12:15:04,032 - WARNING - Retrying (Retry(total=1, connect=None, read=None, redirect=None, status=None)) after connection broken by 'NewConnectionError('<urllib3.connection.HTTPConnection object at 0x1046f3730>: Failed to establish a new connection: [Errno 61] Connection refused')': /session/959740d8-542b-4e84-a718-394b54809db5/element
2023-10-11 12:15:04,033 - WARNING - Retrying (Retry(total=2, connect=None, read=None, redirect=None, status=None)) after connection broken by 'NewConnectionError('<urllib3.connection.HTTPConnection object at 0x1046dd4f0>: Failed to establish a new connection: [Errno 61] Connection refused')': /session/a2102d71-6033-4fbc-b05c-0c2e9de0b5c2/element
2023-10-11 12:15:04,034 - WARNING - Retrying (Retry(total=1, connect=None, read=None, redirect=None, status=None)) after connection broken by 'NewConnectionError('<urllib3.connection.HTTPConnection object at 0x1046f9d60>: Failed to establish a new connection: [Errno 61] Connection refused')': /session/a2102d71-6033-4fbc-b05c-0c2e9de0b5c2/element
2023-10-11 12:15:04,034 - WARNING - Retrying (Retry(total=0, connect=None, read=None, redirect=None, status=None)) after connection broken by 'NewConnectionError('<urllib3.connection.HTTPConnection object at 0x1046f99a0>: Failed to establish a new connection: [Errno 61] Connection refused')': /session/959740d8-542b-4e84-a718-394b54809db5/element
2023-10-11 12:15:04,036 - WARNING - Retrying (Retry(total=0, connect=None, read=None, redirect=None, status=None)) after connection broken by 'NewConnectionError('<urllib3.connection.HTTPConnection object at 0x1046f32b0>: Failed to establish a new connection: [Errno 61] Connection refused')': /session/a2102d71-6033-4fbc-b05c-0c2e9de0b5c2/element
2023-10-11 12:15:04,054 - WARNING - Retrying (Retry(total=2, connect=None, read=None, redirect=None, status=None)) after connection broken by 'NewConnectionError('<urllib3.connection.HTTPConnection object at 0x105b69a90>: Failed to establish a new connection: [Errno 61] Connection refused')': /session/bd48a087-e6bc-4573-b8b6-dd1a7c859e0e/element
2023-10-11 12:15:04,055 - WARNING - Retrying (Retry(total=1, connect=None, read=None, redirect=None, status=None)) after connection broken by 'NewConnectionError('<urllib3.connection.HTTPConnection object at 0x102e926d0>: Failed to establish a new connection: [Errno 61] Connection refused')': /session/bd48a087-e6bc-4573-b8b6-dd1a7c859e0e/element
2023-10-11 12:15:04,056 - WARNING - Retrying (Retry(total=0, connect=None, read=None, redirect=None, status=None)) after connection broken by 'NewConnectionError('<urllib3.connection.HTTPConnection object at 0x104698e80>: Failed to establish a new connection: [Errno 61] Connection refused')': /session/bd48a087-e6bc-4573-b8b6-dd1a7c859e0e/element
2023-10-11 12:15:04,058 - WARNING - Retrying (Retry(total=2, connect=None, read=None, redirect=None, status=None)) after connection broken by 'NewConnectionError('<urllib3.connection.HTTPConnection object at 0x102ea5490>: Failed to establish a new connection: [Errno 61] Connection refused')': /session/bd48a087-e6bc-4573-b8b6-dd1a7c859e0e/refresh
2023-10-11 12:15:04,059 - WARNING - Retrying (Retry(total=1, connect=None, read=None, redirect=None, status=None)) after connection broken by 'NewConnectionError('<urllib3.connection.HTTPConnection object at 0x105bf04c0>: Failed to establish a new connection: [Errno 61] Connection refused')': /session/bd48a087-e6bc-4573-b8b6-dd1a7c859e0e/refresh
2023-10-11 12:15:04,059 - WARNING - Retrying (Retry(total=0, connect=None, read=None, redirect=None, status=None)) after connection broken by 'NewConnectionError('<urllib3.connection.HTTPConnection object at 0x105b69a60>: Failed to establish a new connection: [Errno 61] Connection refused')': /session/bd48a087-e6bc-4573-b8b6-dd1a7c859e0e/refresh
2023-10-11 12:15:04,153 - WARNING - Retrying (Retry(total=2, connect=None, read=None, redirect=None, status=None)) after connection broken by 'NewConnectionError('<urllib3.connection.HTTPConnection object at 0x1046c7520>: Failed to establish a new connection: [Errno 61] Connection refused')': /session/96d25ac1-b8e1-4aa8-8b56-21084154718f/element
2023-10-11 12:15:04,154 - WARNING - Retrying (Retry(total=1, connect=None, read=None, redirect=None, status=None)) after connection broken by 'NewConnectionError('<urllib3.connection.HTTPConnection object at 0x102ec9460>: Failed to establish a new connection: [Errno 61] Connection refused')': /session/96d25ac1-b8e1-4aa8-8b56-21084154718f/element
2023-10-11 12:15:04,154 - WARNING - Retrying (Retry(total=0, connect=None, read=None, redirect=None, status=None)) after connection broken by 'NewConnectionError('<urllib3.connection.HTTPConnection object at 0x102ec92b0>: Failed to establish a new connection: [Errno 61] Connection refused')': /session/96d25ac1-b8e1-4aa8-8b56-21084154718f/element
2023-10-11 12:15:05,435 - WARNING - Retrying (Retry(total=2, connect=None, read=None, redirect=None, status=None)) after connection broken by 'NewConnectionError('<urllib3.connection.HTTPConnection object at 0x105e252e0>: Failed to establish a new connection: [Errno 61] Connection refused')': /session/2ec845db-303f-47f4-9ac6-c4755097251d/execute/sync
2023-10-11 12:15:05,435 - WARNING - Retrying (Retry(total=1, connect=None, read=None, redirect=None, status=None)) after connection broken by 'NewConnectionError('<urllib3.connection.HTTPConnection object at 0x1046bdaf0>: Failed to establish a new connection: [Errno 61] Connection refused')': /session/2ec845db-303f-47f4-9ac6-c4755097251d/execute/sync
2023-10-11 12:15:05,437 - WARNING - Retrying (Retry(total=0, connect=None, read=None, redirect=None, status=None)) after connection broken by 'NewConnectionError('<urllib3.connection.HTTPConnection object at 0x102e9ef70>: Failed to establish a new connection: [Errno 61] Connection refused')': /session/2ec845db-303f-47f4-9ac6-c4755097251d/execute/sync
