2023-10-11 11:48:56,753 - WARNING - Connection pool is full, discarding connection: 127.0.0.1. Connection pool size: 1
2023-10-11 11:48:57,211 - WARNING - Connection pool is full, discarding connection: 127.0.0.1. Connection pool size: 1
2023-10-11 11:49:01,716 - WARNING - Connection pool is full, discarding connection: 127.0.0.1. Connection pool size: 1
2023-10-11 11:49:01,716 - WARNING - Connection pool is full, discarding connection: 127.0.0.1. Connection pool size: 1
2023-10-11 11:49:01,717 - WARNING - Connection pool is full, discarding connection: 127.0.0.1. Connection pool size: 1
2023-10-11 11:49:01,718 - WARNING - Connection pool is full, discarding connection: 127.0.0.1. Connection pool size: 1
2023-10-11 11:49:01,718 - WARNING - Connection pool is full, discarding connection: 127.0.0.1. Connection pool size: 1
2023-10-11 11:49:01,720 - WARNING - Connection pool is full, discarding connection: 127.0.0.1. Connection pool size: 1
2023-10-11 11:49:06,403 - WARNING - Connection pool is full, discarding connection: 127.0.0.1. Connection pool size: 1
2023-10-11 11:49:06,404 - WARNING - Connection pool is full, discarding connection: 127.0.0.1. Connection pool size: 1
2023-10-11 11:49:06,404 - WARNING - Connection pool is full, discarding connection: 127.0.0.1. Connection pool size: 1
2023-10-11 11:49:06,404 - WARNING - Connection pool is full, discarding connection: 127.0.0.1. Connection pool size: 1
2023-10-11 11:49:06,405 - WARNING - Connection pool is full, discarding connection: 127.0.0.1. Connection pool size: 1
2023-10-11 11:49:06,405 - WARNING - Connection pool is full, discarding connection: 127.0.0.1. Connection pool size: 1
2023-10-11 11:49:06,406 - WARNING - Connection pool is full, discarding connection: 127.0.0.1. Connection pool size: 1
2023-10-11 11:49:06,406 - WARNING - Connection pool is full, discarding connection: 127.0.0.1. Connection pool size: 1
2023-10-11 11:49:06,406 - WARNING - Connection pool is full, discarding connection: 127.0.0.1. Connection pool size: 1
2023-10-11 11:49:06,407 - WARNING - Connection pool is full, discarding connection: 127.0.0.1. Connection pool size: 1
2023-10-11 11:49:06,407 - WARNING - Connection pool is full, discarding connection: 127.0.0.1. Connection pool size: 1
2023-10-11 11:49:06,408 - WARNING - Connection pool is full, discarding connection: 127.0.0.1. Connection pool size: 1
2023-10-11 11:49:06,408 - WARNING - Connection pool is full, discarding connection: 127.0.0.1. Connection pool size: 1
2023-10-11 11:49:06,916 - WARNING - Connection pool is full, discarding connection: 127.0.0.1. Connection pool size: 1
2023-10-11 11:49:06,933 - WARNING - Connection pool is full, discarding connection: 127.0.0.1. Connection pool size: 1
2023-10-11 11:49:10,374 - WARNING - Connection pool is full, discarding connection: 127.0.0.1. Connection pool size: 1
2023-10-11 11:49:10,385 - WARNING - Connection pool is full, discarding connection: 127.0.0.1. Connection pool size: 1
2023-10-11 11:49:10,387 - WARNING - Connection pool is full, discarding connection: 127.0.0.1. Connection pool size: 1
2023-10-11 11:49:10,390 - WARNING - Connection pool is full, discarding connection: 127.0.0.1. Connection pool size: 1
2023-10-11 11:49:10,391 - WARNING - Connection pool is full, discarding connection: 127.0.0.1. Connection pool size: 1
2023-10-11 11:49:13,123 - WARNING - Connection pool is full, discarding connection: 127.0.0.1. Connection pool size: 1
2023-10-11 11:49:13,123 - WARNING - Connection pool is full, discarding connection: 127.0.0.1. Connection pool size: 1
2023-10-11 11:49:13,123 - WARNING - Connection pool is full, discarding connection: 127.0.0.1. Connection pool size: 1
2023-10-11 11:49:13,123 - WARNING - Connection pool is full, discarding connection: 127.0.0.1. Connection pool size: 1
2023-10-11 11:49:13,123 - WARNING - Connection pool is full, discarding connection: 127.0.0.1. Connection pool size: 1
2023-10-11 11:49:13,123 - WARNING - Connection pool is full, discarding connection: 127.0.0.1. Connection pool size: 1
2023-10-11 11:49:13,123 - WARNING - Connection pool is full, discarding connection: 127.0.0.1. Connection pool size: 1
2023-10-11 11:49:13,123 - WARNING - Connection pool is full, discarding connection: 127.0.0.1. Connection pool size: 1
2023-10-11 11:49:13,123 - WARNING - Connection pool is full, discarding connection: 127.0.0.1. Connection pool size: 1
2023-10-11 11:49:13,123 - WARNING - Connection pool is full, discarding connection: 127.0.0.1. Connection pool size: 1
2023-10-11 11:49:13,123 - WARNING - Connection pool is full, discarding connection: 127.0.0.1. Connection pool size: 1
2023-10-11 11:49:13,123 - WARNING - Connection pool is full, discarding connection: 127.0.0.1. Connection pool size: 1
2023-10-11 11:49:13,123 - WARNING - Connection pool is full, discarding connection: 127.0.0.1. Connection pool size: 1
2023-10-11 11:49:13,124 - WARNING - Retrying (Retry(total=2, connect=None, read=None, redirect=None, status=None)) after connection broken by 'ProtocolError('Connection aborted.', ConnectionResetError(54, 'Connection reset by peer'))': /session/dda98958-c750-4236-a649-162bfbb45b8b/element/c9308256-12d8-4245-aaf7-109dfacbe160/text
2023-10-11 11:49:13,125 - WARNING - Retrying (Retry(total=2, connect=None, read=None, redirect=None, status=None)) after connection broken by 'NewConnectionError('<urllib3.connection.HTTPConnection object at 0x10132bf10>: Failed to establish a new connection: [Errno 61] Connection refused')': /session/dda98958-c750-4236-a649-162bfbb45b8b/url
2023-10-11 11:49:13,125 - WARNING - Retrying (Retry(total=2, connect=None, read=None, redirect=None, status=None)) after connection broken by 'ProtocolError('Connection aborted.', ConnectionResetError(54, 'Connection reset by peer'))': /session/dda98958-c750-4236-a649-162bfbb45b8b/element/c9308256-12d8-4245-aaf7-109dfacbe160/text
2023-10-11 11:49:13,125 - WARNING - Retrying (Retry(total=2, connect=None, read=None, redirect=None, status=None)) after connection broken by 'NewConnectionError('<urllib3.connection.HTTPConnection object at 0x1013669d0>: Failed to establish a new connection: [Errno 61] Connection refused')': /session/dda98958-c750-4236-a649-162bfbb45b8b/url
2023-10-11 11:49:13,126 - WARNING - Retrying (Retry(total=2, connect=None, read=None, redirect=None, status=None)) after connection broken by 'NewConnectionError('<urllib3.connection.HTTPConnection object at 0x101454400>: Failed to establish a new connection: [Errno 61] Connection refused')': /session/dda98958-c750-4236-a649-162bfbb45b8b/url
2023-10-11 11:49:13,127 - WARNING - Retrying (Retry(total=1, connect=None, read=None, redirect=None, status=None)) after connection broken by 'NewConnectionError('<urllib3.connection.HTTPConnection object at 0x10229e9a0>: Failed to establish a new connection: [Errno 61] Connection refused')': /session/dda98958-c750-4236-a649-162bfbb45b8b/element/c9308256-12d8-4245-aaf7-109dfacbe160/text
2023-10-11 11:49:13,127 - WARNING - Retrying (Retry(total=2, connect=None, read=None, redirect=None, status=None)) after connection broken by 'NewConnectionError('<urllib3.connection.HTTPConnection object at 0x10145e3a0>: Failed to establish a new connection: [Errno 61] Connection refused')': /session/dda98958-c750-4236-a649-162bfbb45b8b/url
2023-10-11 11:49:13,128 - WARNING - Connection pool is full, discarding connection: 127.0.0.1. Connection pool size: 1
2023-10-11 11:49:13,128 - WARNING - Retrying (Retry(total=1, connect=None, read=None, redirect=None, status=None)) after connection broken by 'NewConnectionError('<urllib3.connection.HTTPConnection object at 0x102285460>: Failed to establish a new connection: [Errno 61] Connection refused')': /session/dda98958-c750-4236-a649-162bfbb45b8b/url
2023-10-11 11:49:13,128 - WARNING - Connection pool is full, discarding connection: 127.0.0.1. Connection pool size: 1
2023-10-11 11:49:13,128 - WARNING - Retrying (Retry(total=1, connect=None, read=None, redirect=None, status=None)) after connection broken by 'NewConnectionError('<urllib3.connection.HTTPConnection object at 0x10222d0a0>: Failed to establish a new connection: [Errno 61] Connection refused')': /session/dda98958-c750-4236-a649-162bfbb45b8b/url
2023-10-11 11:49:13,128 - WARNING - Retrying (Retry(total=1, connect=None, read=None, redirect=None, status=None)) after connection broken by 'NewConnectionError('<urllib3.connection.HTTPConnection object at 0x101327b80>: Failed to establish a new connection: [Errno 61] Connection refused')': /session/dda98958-c750-4236-a649-162bfbb45b8b/element/c9308256-12d8-4245-aaf7-109dfacbe160/text
2023-10-11 11:49:13,128 - WARNING - Retrying (Retry(total=0, connect=None, read=None, redirect=None, status=None)) after connection broken by 'NewConnectionError('<urllib3.connection.HTTPConnection object at 0x10145e220>: Failed to establish a new connection: [Errno 61] Connection refused')': /session/dda98958-c750-4236-a649-162bfbb45b8b/element/c9308256-12d8-4245-aaf7-109dfacbe160/text
2023-10-11 11:49:13,129 - WARNING - Retrying (Retry(total=1, connect=None, read=None, redirect=None, status=None)) after connection broken by 'NewConnectionError('<urllib3.connection.HTTPConnection object at 0x10136fa30>: Failed to establish a new connection: [Errno 61] Connection refused')': /session/dda98958-c750-4236-a649-162bfbb45b8b/url
2023-10-11 11:49:13,129 - WARNING - Retrying (Retry(total=0, connect=None, read=None, redirect=None, status=None)) after connection broken by 'NewConnectionError('<urllib3.connection.HTTPConnection object at 0x1014610d0>: Failed to establish a new connection: [Errno 61] Connection refused')': /session/dda98958-c750-4236-a649-162bfbb45b8b/url
2023-10-11 11:49:13,129 - WARNING - Connection pool is full, discarding connection: 127.0.0.1. Connection pool size: 1
2023-10-11 11:49:13,129 - WARNING - Retrying (Retry(total=0, connect=None, read=None, redirect=None, status=None)) after connection broken by 'NewConnectionError('<urllib3.connection.HTTPConnection object at 0x10229e940>: Failed to establish a new connection: [Errno 61] Connection refused')': /session/dda98958-c750-4236-a649-162bfbb45b8b/url
2023-10-11 11:49:13,129 - WARNING - Connection pool is full, discarding connection: 127.0.0.1. Connection pool size: 1
2023-10-11 11:49:13,130 - WARNING - Retrying (Retry(total=0, connect=None, read=None, redirect=None, status=None)) after connection broken by 'NewConnectionError('<urllib3.connection.HTTPConnection object at 0x1014611f0>: Failed to establish a new connection: [Errno 61] Connection refused')': /session/dda98958-c750-4236-a649-162bfbb45b8b/url
2023-10-11 11:49:13,130 - WARNING - Retrying (Retry(total=1, connect=None, read=None, redirect=None, status=None)) after connection broken by 'NewConnectionError('<urllib3.connection.HTTPConnection object at 0x10145fee0>: Failed to establish a new connection: [Errno 61] Connection refused')': /session/dda98958-c750-4236-a649-162bfbb45b8b/url
2023-10-11 11:49:13,130 - WARNING - Connection pool is full, discarding connection: 127.0.0.1. Connection pool size: 1
2023-10-11 11:49:13,130 - WARNING - Connection pool is full, discarding connection: 127.0.0.1. Connection pool size: 1
2023-10-11 11:49:13,130 - WARNING - Retrying (Retry(total=0, connect=None, read=None, redirect=None, status=None)) after connection broken by 'NewConnectionError('<urllib3.connection.HTTPConnection object at 0x10145ff70>: Failed to establish a new connection: [Errno 61] Connection refused')': /session/dda98958-c750-4236-a649-162bfbb45b8b/element/c9308256-12d8-4245-aaf7-109dfacbe160/text
2023-10-11 11:49:13,131 - WARNING - Retrying (Retry(total=2, connect=None, read=None, redirect=None, status=None)) after connection broken by 'NewConnectionError('<urllib3.connection.HTTPConnection object at 0x101461670>: Failed to establish a new connection: [Errno 61] Connection refused')': /session/dda98958-c750-4236-a649-162bfbb45b8b/refresh
2023-10-11 11:49:13,131 - WARNING - Connection pool is full, discarding connection: 127.0.0.1. Connection pool size: 1
2023-10-11 11:49:13,132 - WARNING - Retrying (Retry(total=1, connect=None, read=None, redirect=None, status=None)) after connection broken by 'NewConnectionError('<urllib3.connection.HTTPConnection object at 0x10132bf40>: Failed to establish a new connection: [Errno 61] Connection refused')': /session/dda98958-c750-4236-a649-162bfbb45b8b/refresh
2023-10-11 11:49:13,132 - WARNING - Retrying (Retry(total=0, connect=None, read=None, redirect=None, status=None)) after connection broken by 'NewConnectionError('<urllib3.connection.HTTPConnection object at 0x10229e4f0>: Failed to establish a new connection: [Errno 61] Connection refused')': /session/dda98958-c750-4236-a649-162bfbb45b8b/url
2023-10-11 11:49:13,132 - WARNING - Connection pool is full, discarding connection: 127.0.0.1. Connection pool size: 1
2023-10-11 11:49:13,132 - WARNING - Retrying (Retry(total=2, connect=None, read=None, redirect=None, status=None)) after connection broken by 'NewConnectionError('<urllib3.connection.HTTPConnection object at 0x101464f70>: Failed to establish a new connection: [Errno 61] Connection refused')': /session/dda98958-c750-4236-a649-162bfbb45b8b/refresh
2023-10-11 11:49:13,132 - WARNING - Connection pool is full, discarding connection: 127.0.0.1. Connection pool size: 1
2023-10-11 11:49:13,132 - WARNING - Retrying (Retry(total=1, connect=None, read=None, redirect=None, status=None)) after connection broken by 'NewConnectionError('<urllib3.connection.HTTPConnection object at 0x101467190>: Failed to establish a new connection: [Errno 61] Connection refused')': /session/dda98958-c750-4236-a649-162bfbb45b8b/refresh
2023-10-11 11:49:13,132 - WARNING - Retrying (Retry(total=0, connect=None, read=None, redirect=None, status=None)) after connection broken by 'NewConnectionError('<urllib3.connection.HTTPConnection object at 0x101467130>: Failed to establish a new connection: [Errno 61] Connection refused')': /session/dda98958-c750-4236-a649-162bfbb45b8b/refresh
2023-10-11 11:49:13,132 - WARNING - Retrying (Retry(total=0, connect=None, read=None, redirect=None, status=None)) after connection broken by 'NewConnectionError('<urllib3.connection.HTTPConnection object at 0x1014674f0>: Failed to establish a new connection: [Errno 61] Connection refused')': /session/dda98958-c750-4236-a649-162bfbb45b8b/refresh
2023-10-11 11:49:13,133 - WARNING - Connection pool is full, discarding connection: 127.0.0.1. Connection pool size: 1
