2023-10-11 11:55:56,286 - WARNING - Connection pool is full, discarding connection: 127.0.0.1. Connection pool size: 1
2023-10-11 11:55:56,288 - WARNING - Connection pool is full, discarding connection: 127.0.0.1. Connection pool size: 1
2023-10-11 11:55:56,289 - WARNING - Connection pool is full, discarding connection: 127.0.0.1. Connection pool size: 1
2023-10-11 11:55:56,289 - WARNING - Connection pool is full, discarding connection: 127.0.0.1. Connection pool size: 1
2023-10-11 11:55:56,290 - WARNING - Connection pool is full, discarding connection: 127.0.0.1. Connection pool size: 1
2023-10-11 11:55:56,290 - WARNING - Connection pool is full, discarding connection: 127.0.0.1. Connection pool size: 1
2023-10-11 11:55:56,291 - WARNING - Connection pool is full, discarding connection: 127.0.0.1. Connection pool size: 1
2023-10-11 11:56:00,054 - WARNING - Connection pool is full, discarding connection: 127.0.0.1. Connection pool size: 1
2023-10-11 11:56:00,054 - WARNING - Connection pool is full, discarding connection: 127.0.0.1. Connection pool size: 1
2023-10-11 11:56:00,054 - WARNING - Connection pool is full, discarding connection: 127.0.0.1. Connection pool size: 1
2023-10-11 11:56:00,055 - WARNING - Connection pool is full, discarding connection: 127.0.0.1. Connection pool size: 1
2023-10-11 11:56:00,055 - WARNING - Connection pool is full, discarding connection: 127.0.0.1. Connection pool size: 1
2023-10-11 11:56:00,056 - WARNING - Connection pool is full, discarding connection: 127.0.0.1. Connection pool size: 1
2023-10-11 11:56:00,056 - WARNING - Connection pool is full, discarding connection: 127.0.0.1. Connection pool size: 1
2023-10-11 11:56:00,057 - WARNING - Connection pool is full, discarding connection: 127.0.0.1. Connection pool size: 1
2023-10-11 11:56:00,057 - WARNING - Connection pool is full, discarding connection: 127.0.0.1. Connection pool size: 1
2023-10-11 11:56:00,057 - WARNING - Connection pool is full, discarding connection: 127.0.0.1. Connection pool size: 1
2023-10-11 11:56:00,058 - WARNING - Connection pool is full, discarding connection: 127.0.0.1. Connection pool size: 1
2023-10-11 11:56:00,058 - WARNING - Connection pool is full, discarding connection: 127.0.0.1. Connection pool size: 1
2023-10-11 11:56:00,059 - WARNING - Connection pool is full, discarding connection: 127.0.0.1. Connection pool size: 1
2023-10-11 11:56:00,576 - WARNING - Connection pool is full, discarding connection: 127.0.0.1. Connection pool size: 1
2023-10-11 11:56:05,091 - WARNING - Connection pool is full, discarding connection: 127.0.0.1. Connection pool size: 1
2023-10-11 11:56:05,908 - WARNING - Connection pool is full, discarding connection: 127.0.0.1. Connection pool size: 1
2023-10-11 11:56:05,909 - WARNING - Connection pool is full, discarding connection: 127.0.0.1. Connection pool size: 1
2023-10-11 11:56:05,910 - WARNING - Connection pool is full, discarding connection: 127.0.0.1. Connection pool size: 1
2023-10-11 11:56:05,912 - WARNING - Connection pool is full, discarding connection: 127.0.0.1. Connection pool size: 1
2023-10-11 11:56:05,913 - WARNING - Connection pool is full, discarding connection: 127.0.0.1. Connection pool size: 1
2023-10-11 11:56:05,914 - WARNING - Connection pool is full, discarding connection: 127.0.0.1. Connection pool size: 1
2023-10-11 11:56:05,914 - WARNING - Connection pool is full, discarding connection: 127.0.0.1. Connection pool size: 1
2023-10-11 11:56:05,915 - WARNING - Connection pool is full, discarding connection: 127.0.0.1. Connection pool size: 1
2023-10-11 11:56:07,760 - WARNING - Connection pool is full, discarding connection: 127.0.0.1. Connection pool size: 1
2023-10-11 11:56:07,765 - WARNING - Connection pool is full, discarding connection: 127.0.0.1. Connection pool size: 1
2023-10-11 11:56:07,769 - WARNING - Connection pool is full, discarding connection: 127.0.0.1. Connection pool size: 1
2023-10-11 11:56:07,771 - WARNING - Connection pool is full, discarding connection: 127.0.0.1. Connection pool size: 1
2023-10-11 11:56:07,779 - WARNING - Connection pool is full, discarding connection: 127.0.0.1. Connection pool size: 1
2023-10-11 11:56:07,780 - WARNING - Connection pool is full, discarding connection: 127.0.0.1. Connection pool size: 1
2023-10-11 11:56:07,780 - WARNING - Connection pool is full, discarding connection: 127.0.0.1. Connection pool size: 1
2023-10-11 11:56:07,781 - WARNING - Connection pool is full, discarding connection: 127.0.0.1. Connection pool size: 1
2023-10-11 11:56:07,781 - WARNING - Connection pool is full, discarding connection: 127.0.0.1. Connection pool size: 1
2023-10-11 11:56:07,781 - WARNING - Connection pool is full, discarding connection: 127.0.0.1. Connection pool size: 1
2023-10-11 11:56:07,782 - WARNING - Connection pool is full, discarding connection: 127.0.0.1. Connection pool size: 1
2023-10-11 11:56:08,271 - WARNING - Connection pool is full, discarding connection: 127.0.0.1. Connection pool size: 1
2023-10-11 11:56:08,276 - WARNING - Connection pool is full, discarding connection: 127.0.0.1. Connection pool size: 1
2023-10-11 11:56:08,290 - WARNING - Connection pool is full, discarding connection: 127.0.0.1. Connection pool size: 1
2023-10-11 11:56:08,290 - WARNING - Connection pool is full, discarding connection: 127.0.0.1. Connection pool size: 1
2023-10-11 11:56:08,291 - WARNING - Connection pool is full, discarding connection: 127.0.0.1. Connection pool size: 1
2023-10-11 11:56:08,292 - WARNING - Connection pool is full, discarding connection: 127.0.0.1. Connection pool size: 1
2023-10-11 11:56:08,292 - WARNING - Connection pool is full, discarding connection: 127.0.0.1. Connection pool size: 1
2023-10-11 11:56:08,293 - WARNING - Connection pool is full, discarding connection: 127.0.0.1. Connection pool size: 1
2023-10-11 11:56:08,294 - WARNING - Connection pool is full, discarding connection: 127.0.0.1. Connection pool size: 1
2023-10-11 11:56:08,778 - WARNING - Connection pool is full, discarding connection: 127.0.0.1. Connection pool size: 1
2023-10-11 11:56:08,799 - WARNING - Connection pool is full, discarding connection: 127.0.0.1. Connection pool size: 1
2023-10-11 11:56:08,799 - WARNING - Connection pool is full, discarding connection: 127.0.0.1. Connection pool size: 1
2023-10-11 11:56:08,800 - WARNING - Connection pool is full, discarding connection: 127.0.0.1. Connection pool size: 1
2023-10-11 11:56:09,281 - WARNING - Connection pool is full, discarding connection: 127.0.0.1. Connection pool size: 1
2023-10-11 11:56:09,299 - WARNING - Connection pool is full, discarding connection: 127.0.0.1. Connection pool size: 1
2023-10-11 11:56:09,305 - WARNING - Connection pool is full, discarding connection: 127.0.0.1. Connection pool size: 1
2023-10-11 11:56:09,306 - WARNING - Connection pool is full, discarding connection: 127.0.0.1. Connection pool size: 1
2023-10-11 11:56:09,306 - WARNING - Connection pool is full, discarding connection: 127.0.0.1. Connection pool size: 1
2023-10-11 11:56:09,307 - WARNING - Connection pool is full, discarding connection: 127.0.0.1. Connection pool size: 1
2023-10-11 11:56:09,895 - WARNING - Connection pool is full, discarding connection: 127.0.0.1. Connection pool size: 1
2023-10-11 11:56:10,309 - WARNING - Connection pool is full, discarding connection: 127.0.0.1. Connection pool size: 1
2023-10-11 11:56:12,450 - WARNING - Connection pool is full, discarding connection: 127.0.0.1. Connection pool size: 1
2023-10-11 11:56:12,451 - WARNING - Connection pool is full, discarding connection: 127.0.0.1. Connection pool size: 1
2023-10-11 11:56:12,452 - WARNING - Connection pool is full, discarding connection: 127.0.0.1. Connection pool size: 1
2023-10-11 11:56:12,453 - WARNING - Connection pool is full, discarding connection: 127.0.0.1. Connection pool size: 1
2023-10-11 11:56:12,453 - WARNING - Connection pool is full, discarding connection: 127.0.0.1. Connection pool size: 1
2023-10-11 11:56:12,453 - WARNING - Connection pool is full, discarding connection: 127.0.0.1. Connection pool size: 1
2023-10-11 11:56:12,454 - WARNING - Connection pool is full, discarding connection: 127.0.0.1. Connection pool size: 1
2023-10-11 11:56:12,455 - WARNING - Connection pool is full, discarding connection: 127.0.0.1. Connection pool size: 1
2023-10-11 11:56:12,455 - WARNING - Connection pool is full, discarding connection: 127.0.0.1. Connection pool size: 1
2023-10-11 11:56:12,455 - WARNING - Connection pool is full, discarding connection: 127.0.0.1. Connection pool size: 1
2023-10-11 11:56:13,204 - WARNING - Connection pool is full, discarding connection: 127.0.0.1. Connection pool size: 1
2023-10-11 11:56:13,205 - WARNING - Connection pool is full, discarding connection: 127.0.0.1. Connection pool size: 1
2023-10-11 11:56:13,206 - WARNING - Connection pool is full, discarding connection: 127.0.0.1. Connection pool size: 1
2023-10-11 11:56:13,206 - WARNING - Connection pool is full, discarding connection: 127.0.0.1. Connection pool size: 1
2023-10-11 11:56:13,207 - WARNING - Connection pool is full, discarding connection: 127.0.0.1. Connection pool size: 1
2023-10-11 11:56:13,207 - WARNING - Connection pool is full, discarding connection: 127.0.0.1. Connection pool size: 1
2023-10-11 11:56:13,209 - WARNING - Connection pool is full, discarding connection: 127.0.0.1. Connection pool size: 1
2023-10-11 11:56:14,718 - WARNING - Connection pool is full, discarding connection: 127.0.0.1. Connection pool size: 1
2023-10-11 11:56:14,719 - WARNING - Connection pool is full, discarding connection: 127.0.0.1. Connection pool size: 1
2023-10-11 11:56:14,720 - WARNING - Connection pool is full, discarding connection: 127.0.0.1. Connection pool size: 1
2023-10-11 11:56:14,720 - WARNING - Connection pool is full, discarding connection: 127.0.0.1. Connection pool size: 1
2023-10-11 11:56:14,721 - WARNING - Connection pool is full, discarding connection: 127.0.0.1. Connection pool size: 1
2023-10-11 11:56:14,721 - WARNING - Connection pool is full, discarding connection: 127.0.0.1. Connection pool size: 1
2023-10-11 11:56:14,722 - WARNING - Connection pool is full, discarding connection: 127.0.0.1. Connection pool size: 1
2023-10-11 11:56:14,722 - WARNING - Connection pool is full, discarding connection: 127.0.0.1. Connection pool size: 1
2023-10-11 11:56:15,231 - WARNING - Connection pool is full, discarding connection: 127.0.0.1. Connection pool size: 1
2023-10-11 11:56:15,231 - WARNING - Connection pool is full, discarding connection: 127.0.0.1. Connection pool size: 1
2023-10-11 11:56:15,232 - WARNING - Connection pool is full, discarding connection: 127.0.0.1. Connection pool size: 1
2023-10-11 11:56:15,233 - WARNING - Connection pool is full, discarding connection: 127.0.0.1. Connection pool size: 1
2023-10-11 11:56:15,233 - WARNING - Connection pool is full, discarding connection: 127.0.0.1. Connection pool size: 1
2023-10-11 11:56:15,234 - WARNING - Connection pool is full, discarding connection: 127.0.0.1. Connection pool size: 1
2023-10-11 11:56:15,744 - WARNING - Connection pool is full, discarding connection: 127.0.0.1. Connection pool size: 1
2023-10-11 11:56:15,745 - WARNING - Connection pool is full, discarding connection: 127.0.0.1. Connection pool size: 1
2023-10-11 11:56:15,746 - WARNING - Connection pool is full, discarding connection: 127.0.0.1. Connection pool size: 1
2023-10-11 11:56:15,747 - WARNING - Connection pool is full, discarding connection: 127.0.0.1. Connection pool size: 1
2023-10-11 11:56:15,747 - WARNING - Connection pool is full, discarding connection: 127.0.0.1. Connection pool size: 1
2023-10-11 11:56:15,748 - WARNING - Connection pool is full, discarding connection: 127.0.0.1. Connection pool size: 1
2023-10-11 11:56:16,253 - WARNING - Connection pool is full, discarding connection: 127.0.0.1. Connection pool size: 1
2023-10-11 11:56:16,254 - WARNING - Connection pool is full, discarding connection: 127.0.0.1. Connection pool size: 1
2023-10-11 11:56:16,255 - WARNING - Connection pool is full, discarding connection: 127.0.0.1. Connection pool size: 1
2023-10-11 11:56:16,255 - WARNING - Connection pool is full, discarding connection: 127.0.0.1. Connection pool size: 1
2023-10-11 11:56:16,256 - WARNING - Connection pool is full, discarding connection: 127.0.0.1. Connection pool size: 1
2023-10-11 11:56:16,765 - WARNING - Connection pool is full, discarding connection: 127.0.0.1. Connection pool size: 1
2023-10-11 11:56:16,766 - WARNING - Connection pool is full, discarding connection: 127.0.0.1. Connection pool size: 1
2023-10-11 11:56:16,767 - WARNING - Connection pool is full, discarding connection: 127.0.0.1. Connection pool size: 1
2023-10-11 11:56:16,767 - WARNING - Connection pool is full, discarding connection: 127.0.0.1. Connection pool size: 1
2023-10-11 11:56:16,768 - WARNING - Connection pool is full, discarding connection: 127.0.0.1. Connection pool size: 1
2023-10-11 11:56:16,769 - WARNING - Connection pool is full, discarding connection: 127.0.0.1. Connection pool size: 1
2023-10-11 11:56:17,274 - WARNING - Connection pool is full, discarding connection: 127.0.0.1. Connection pool size: 1
2023-10-11 11:56:17,274 - WARNING - Connection pool is full, discarding connection: 127.0.0.1. Connection pool size: 1
2023-10-11 11:56:17,275 - WARNING - Connection pool is full, discarding connection: 127.0.0.1. Connection pool size: 1
2023-10-11 11:56:17,276 - WARNING - Connection pool is full, discarding connection: 127.0.0.1. Connection pool size: 1
2023-10-11 11:56:17,276 - WARNING - Connection pool is full, discarding connection: 127.0.0.1. Connection pool size: 1
2023-10-11 11:56:17,277 - WARNING - Connection pool is full, discarding connection: 127.0.0.1. Connection pool size: 1
2023-10-11 11:56:17,783 - WARNING - Connection pool is full, discarding connection: 127.0.0.1. Connection pool size: 1
2023-10-11 11:56:17,783 - WARNING - Connection pool is full, discarding connection: 127.0.0.1. Connection pool size: 1
2023-10-11 11:56:17,784 - WARNING - Connection pool is full, discarding connection: 127.0.0.1. Connection pool size: 1
2023-10-11 11:56:17,785 - WARNING - Connection pool is full, discarding connection: 127.0.0.1. Connection pool size: 1
2023-10-11 11:56:17,785 - WARNING - Connection pool is full, discarding connection: 127.0.0.1. Connection pool size: 1
2023-10-11 11:56:17,786 - WARNING - Connection pool is full, discarding connection: 127.0.0.1. Connection pool size: 1
2023-10-11 11:56:18,293 - WARNING - Connection pool is full, discarding connection: 127.0.0.1. Connection pool size: 1
2023-10-11 11:56:18,294 - WARNING - Connection pool is full, discarding connection: 127.0.0.1. Connection pool size: 1
2023-10-11 11:56:18,294 - WARNING - Connection pool is full, discarding connection: 127.0.0.1. Connection pool size: 1
2023-10-11 11:56:18,295 - WARNING - Connection pool is full, discarding connection: 127.0.0.1. Connection pool size: 1
2023-10-11 11:56:18,296 - WARNING - Connection pool is full, discarding connection: 127.0.0.1. Connection pool size: 1
2023-10-11 11:56:18,297 - WARNING - Connection pool is full, discarding connection: 127.0.0.1. Connection pool size: 1
2023-10-11 11:56:18,805 - WARNING - Connection pool is full, discarding connection: 127.0.0.1. Connection pool size: 1
2023-10-11 11:56:18,806 - WARNING - Connection pool is full, discarding connection: 127.0.0.1. Connection pool size: 1
2023-10-11 11:56:18,807 - WARNING - Connection pool is full, discarding connection: 127.0.0.1. Connection pool size: 1
2023-10-11 11:56:18,808 - WARNING - Connection pool is full, discarding connection: 127.0.0.1. Connection pool size: 1
2023-10-11 11:56:19,313 - WARNING - Connection pool is full, discarding connection: 127.0.0.1. Connection pool size: 1
2023-10-11 11:56:19,314 - WARNING - Connection pool is full, discarding connection: 127.0.0.1. Connection pool size: 1
2023-10-11 11:56:19,314 - WARNING - Connection pool is full, discarding connection: 127.0.0.1. Connection pool size: 1
2023-10-11 11:56:19,315 - WARNING - Connection pool is full, discarding connection: 127.0.0.1. Connection pool size: 1
2023-10-11 11:56:19,738 - WARNING - Connection pool is full, discarding connection: 127.0.0.1. Connection pool size: 1
2023-10-11 11:56:19,988 - WARNING - Connection pool is full, discarding connection: 127.0.0.1. Connection pool size: 1
2023-10-11 11:56:19,990 - WARNING - Connection pool is full, discarding connection: 127.0.0.1. Connection pool size: 1
2023-10-11 11:56:19,991 - WARNING - Connection pool is full, discarding connection: 127.0.0.1. Connection pool size: 1
2023-10-11 11:56:19,992 - WARNING - Connection pool is full, discarding connection: 127.0.0.1. Connection pool size: 1
2023-10-11 11:56:19,992 - WARNING - Connection pool is full, discarding connection: 127.0.0.1. Connection pool size: 1
2023-10-11 11:56:19,993 - WARNING - Connection pool is full, discarding connection: 127.0.0.1. Connection pool size: 1
2023-10-11 11:56:19,994 - WARNING - Connection pool is full, discarding connection: 127.0.0.1. Connection pool size: 1
2023-10-11 11:56:20,499 - WARNING - Connection pool is full, discarding connection: 127.0.0.1. Connection pool size: 1
2023-10-11 11:56:20,501 - WARNING - Connection pool is full, discarding connection: 127.0.0.1. Connection pool size: 1
2023-10-11 11:56:20,502 - WARNING - Connection pool is full, discarding connection: 127.0.0.1. Connection pool size: 1
2023-10-11 11:56:20,503 - WARNING - Connection pool is full, discarding connection: 127.0.0.1. Connection pool size: 1
2023-10-11 11:56:20,504 - WARNING - Connection pool is full, discarding connection: 127.0.0.1. Connection pool size: 1
2023-10-11 11:56:20,504 - WARNING - Connection pool is full, discarding connection: 127.0.0.1. Connection pool size: 1
2023-10-11 11:56:21,007 - WARNING - Connection pool is full, discarding connection: 127.0.0.1. Connection pool size: 1
2023-10-11 11:56:21,012 - WARNING - Connection pool is full, discarding connection: 127.0.0.1. Connection pool size: 1
2023-10-11 11:56:21,013 - WARNING - Connection pool is full, discarding connection: 127.0.0.1. Connection pool size: 1
2023-10-11 11:56:21,014 - WARNING - Connection pool is full, discarding connection: 127.0.0.1. Connection pool size: 1
2023-10-11 11:56:21,518 - WARNING - Connection pool is full, discarding connection: 127.0.0.1. Connection pool size: 1
2023-10-11 11:56:21,520 - WARNING - Connection pool is full, discarding connection: 127.0.0.1. Connection pool size: 1
2023-10-11 11:56:21,521 - WARNING - Connection pool is full, discarding connection: 127.0.0.1. Connection pool size: 1
2023-10-11 11:56:21,522 - WARNING - Connection pool is full, discarding connection: 127.0.0.1. Connection pool size: 1
2023-10-11 11:56:21,523 - WARNING - Connection pool is full, discarding connection: 127.0.0.1. Connection pool size: 1
2023-10-11 11:56:22,030 - WARNING - Connection pool is full, discarding connection: 127.0.0.1. Connection pool size: 1
2023-10-11 11:56:22,031 - WARNING - Connection pool is full, discarding connection: 127.0.0.1. Connection pool size: 1
2023-10-11 11:56:22,032 - WARNING - Connection pool is full, discarding connection: 127.0.0.1. Connection pool size: 1
2023-10-11 11:56:22,033 - WARNING - Connection pool is full, discarding connection: 127.0.0.1. Connection pool size: 1
2023-10-11 11:56:22,534 - WARNING - Connection pool is full, discarding connection: 127.0.0.1. Connection pool size: 1
2023-10-11 11:56:22,537 - WARNING - Connection pool is full, discarding connection: 127.0.0.1. Connection pool size: 1
2023-10-11 11:56:22,537 - WARNING - Connection pool is full, discarding connection: 127.0.0.1. Connection pool size: 1
2023-10-11 11:56:22,538 - WARNING - Connection pool is full, discarding connection: 127.0.0.1. Connection pool size: 1
2023-10-11 11:56:23,044 - WARNING - Connection pool is full, discarding connection: 127.0.0.1. Connection pool size: 1
2023-10-11 11:56:23,046 - WARNING - Connection pool is full, discarding connection: 127.0.0.1. Connection pool size: 1
2023-10-11 11:56:23,046 - WARNING - Connection pool is full, discarding connection: 127.0.0.1. Connection pool size: 1
2023-10-11 11:56:23,047 - WARNING - Connection pool is full, discarding connection: 127.0.0.1. Connection pool size: 1
2023-10-11 11:56:23,048 - WARNING - Connection pool is full, discarding connection: 127.0.0.1. Connection pool size: 1
2023-10-11 11:56:23,547 - WARNING - Connection pool is full, discarding connection: 127.0.0.1. Connection pool size: 1
2023-10-11 11:56:23,553 - WARNING - Connection pool is full, discarding connection: 127.0.0.1. Connection pool size: 1
2023-10-11 11:56:23,554 - WARNING - Connection pool is full, discarding connection: 127.0.0.1. Connection pool size: 1
2023-10-11 11:56:23,554 - WARNING - Connection pool is full, discarding connection: 127.0.0.1. Connection pool size: 1
2023-10-11 11:56:24,055 - WARNING - Connection pool is full, discarding connection: 127.0.0.1. Connection pool size: 1
2023-10-11 11:56:24,061 - WARNING - Connection pool is full, discarding connection: 127.0.0.1. Connection pool size: 1
2023-10-11 11:56:24,062 - WARNING - Connection pool is full, discarding connection: 127.0.0.1. Connection pool size: 1
2023-10-11 11:56:24,063 - WARNING - Connection pool is full, discarding connection: 127.0.0.1. Connection pool size: 1
2023-10-11 11:56:24,561 - WARNING - Connection pool is full, discarding connection: 127.0.0.1. Connection pool size: 1
2023-10-11 11:56:24,568 - WARNING - Connection pool is full, discarding connection: 127.0.0.1. Connection pool size: 1
2023-10-11 11:56:24,568 - WARNING - Connection pool is full, discarding connection: 127.0.0.1. Connection pool size: 1
2023-10-11 11:56:24,569 - WARNING - Connection pool is full, discarding connection: 127.0.0.1. Connection pool size: 1
2023-10-11 11:56:25,066 - WARNING - Connection pool is full, discarding connection: 127.0.0.1. Connection pool size: 1
2023-10-11 11:56:25,072 - WARNING - Connection pool is full, discarding connection: 127.0.0.1. Connection pool size: 1
2023-10-11 11:56:25,073 - WARNING - Connection pool is full, discarding connection: 127.0.0.1. Connection pool size: 1
2023-10-11 11:56:25,570 - WARNING - Connection pool is full, discarding connection: 127.0.0.1. Connection pool size: 1
2023-10-11 11:56:25,577 - WARNING - Connection pool is full, discarding connection: 127.0.0.1. Connection pool size: 1
2023-10-11 11:56:26,994 - WARNING - Connection pool is full, discarding connection: 127.0.0.1. Connection pool size: 1
2023-10-11 11:56:26,995 - WARNING - Connection pool is full, discarding connection: 127.0.0.1. Connection pool size: 1
2023-10-11 11:56:28,165 - WARNING - Connection pool is full, discarding connection: 127.0.0.1. Connection pool size: 1
2023-10-11 11:56:28,166 - WARNING - Connection pool is full, discarding connection: 127.0.0.1. Connection pool size: 1
2023-10-11 11:56:28,167 - WARNING - Connection pool is full, discarding connection: 127.0.0.1. Connection pool size: 1
2023-10-11 11:56:28,168 - WARNING - Connection pool is full, discarding connection: 127.0.0.1. Connection pool size: 1
2023-10-11 11:56:29,404 - WARNING - Connection pool is full, discarding connection: 127.0.0.1. Connection pool size: 1
2023-10-11 11:56:29,503 - WARNING - Connection pool is full, discarding connection: 127.0.0.1. Connection pool size: 1
2023-10-11 11:56:29,503 - WARNING - Connection pool is full, discarding connection: 127.0.0.1. Connection pool size: 1
2023-10-11 11:56:29,503 - WARNING - Connection pool is full, discarding connection: 127.0.0.1. Connection pool size: 1
2023-10-11 11:56:29,503 - WARNING - Connection pool is full, discarding connection: 127.0.0.1. Connection pool size: 1
2023-10-11 11:56:29,503 - WARNING - Connection pool is full, discarding connection: 127.0.0.1. Connection pool size: 1
2023-10-11 11:56:29,505 - WARNING - Retrying (Retry(total=2, connect=None, read=None, redirect=None, status=None)) after connection broken by 'NewConnectionError('<urllib3.connection.HTTPConnection object at 0x102082dc0>: Failed to establish a new connection: [Errno 61] Connection refused')': /session/445b42c7-a378-47d1-8822-55322c2159e8/refresh
2023-10-11 11:56:29,506 - WARNING - Retrying (Retry(total=1, connect=None, read=None, redirect=None, status=None)) after connection broken by 'NewConnectionError('<urllib3.connection.HTTPConnection object at 0x101113fa0>: Failed to establish a new connection: [Errno 61] Connection refused')': /session/445b42c7-a378-47d1-8822-55322c2159e8/refresh
2023-10-11 11:56:29,507 - WARNING - Retrying (Retry(total=0, connect=None, read=None, redirect=None, status=None)) after connection broken by 'NewConnectionError('<urllib3.connection.HTTPConnection object at 0x101113a30>: Failed to establish a new connection: [Errno 61] Connection refused')': /session/445b42c7-a378-47d1-8822-55322c2159e8/refresh
2023-10-11 11:56:29,907 - WARNING - Retrying (Retry(total=2, connect=None, read=None, redirect=None, status=None)) after connection broken by 'NewConnectionError('<urllib3.connection.HTTPConnection object at 0x1012403d0>: Failed to establish a new connection: [Errno 61] Connection refused')': /session/445b42c7-a378-47d1-8822-55322c2159e8/element
2023-10-11 11:56:29,909 - WARNING - Retrying (Retry(total=1, connect=None, read=None, redirect=None, status=None)) after connection broken by 'NewConnectionError('<urllib3.connection.HTTPConnection object at 0x10124a100>: Failed to establish a new connection: [Errno 61] Connection refused')': /session/445b42c7-a378-47d1-8822-55322c2159e8/element
2023-10-11 11:56:29,909 - WARNING - Retrying (Retry(total=0, connect=None, read=None, redirect=None, status=None)) after connection broken by 'NewConnectionError('<urllib3.connection.HTTPConnection object at 0x10124a250>: Failed to establish a new connection: [Errno 61] Connection refused')': /session/445b42c7-a378-47d1-8822-55322c2159e8/element
2023-10-11 11:56:29,911 - WARNING - Retrying (Retry(total=2, connect=None, read=None, redirect=None, status=None)) after connection broken by 'NewConnectionError('<urllib3.connection.HTTPConnection object at 0x10124beb0>: Failed to establish a new connection: [Errno 61] Connection refused')': /session/445b42c7-a378-47d1-8822-55322c2159e8/element
2023-10-11 11:56:29,911 - WARNING - Retrying (Retry(total=1, connect=None, read=None, redirect=None, status=None)) after connection broken by 'NewConnectionError('<urllib3.connection.HTTPConnection object at 0x10124d070>: Failed to establish a new connection: [Errno 61] Connection refused')': /session/445b42c7-a378-47d1-8822-55322c2159e8/element
2023-10-11 11:56:29,912 - WARNING - Retrying (Retry(total=0, connect=None, read=None, redirect=None, status=None)) after connection broken by 'NewConnectionError('<urllib3.connection.HTTPConnection object at 0x10124d160>: Failed to establish a new connection: [Errno 61] Connection refused')': /session/445b42c7-a378-47d1-8822-55322c2159e8/element
2023-10-11 11:56:32,001 - WARNING - Retrying (Retry(total=2, connect=None, read=None, redirect=None, status=None)) after connection broken by 'NewConnectionError('<urllib3.connection.HTTPConnection object at 0x101152790>: Failed to establish a new connection: [Errno 61] Connection refused')': /session/445b42c7-a378-47d1-8822-55322c2159e8/execute/sync
2023-10-11 11:56:32,002 - WARNING - Retrying (Retry(total=1, connect=None, read=None, redirect=None, status=None)) after connection broken by 'NewConnectionError('<urllib3.connection.HTTPConnection object at 0x1011529d0>: Failed to establish a new connection: [Errno 61] Connection refused')': /session/445b42c7-a378-47d1-8822-55322c2159e8/execute/sync
2023-10-11 11:56:32,003 - WARNING - Retrying (Retry(total=0, connect=None, read=None, redirect=None, status=None)) after connection broken by 'NewConnectionError('<urllib3.connection.HTTPConnection object at 0x101113ee0>: Failed to establish a new connection: [Errno 61] Connection refused')': /session/445b42c7-a378-47d1-8822-55322c2159e8/execute/sync
2023-10-11 11:56:33,167 - WARNING - Retrying (Retry(total=2, connect=None, read=None, redirect=None, status=None)) after connection broken by 'NewConnectionError('<urllib3.connection.HTTPConnection object at 0x10124d370>: Failed to establish a new connection: [Errno 61] Connection refused')': /session/445b42c7-a378-47d1-8822-55322c2159e8/execute/sync
2023-10-11 11:56:33,168 - WARNING - Retrying (Retry(total=1, connect=None, read=None, redirect=None, status=None)) after connection broken by 'NewConnectionError('<urllib3.connection.HTTPConnection object at 0x10124d4f0>: Failed to establish a new connection: [Errno 61] Connection refused')': /session/445b42c7-a378-47d1-8822-55322c2159e8/execute/sync
2023-10-11 11:56:33,169 - WARNING - Retrying (Retry(total=0, connect=None, read=None, redirect=None, status=None)) after connection broken by 'NewConnectionError('<urllib3.connection.HTTPConnection object at 0x10124d640>: Failed to establish a new connection: [Errno 61] Connection refused')': /session/445b42c7-a378-47d1-8822-55322c2159e8/execute/sync
2023-10-11 11:56:34,410 - WARNING - Retrying (Retry(total=2, connect=None, read=None, redirect=None, status=None)) after connection broken by 'NewConnectionError('<urllib3.connection.HTTPConnection object at 0x101250af0>: Failed to establish a new connection: [Errno 61] Connection refused')': /session/445b42c7-a378-47d1-8822-55322c2159e8/execute/sync
2023-10-11 11:56:34,411 - WARNING - Retrying (Retry(total=1, connect=None, read=None, redirect=None, status=None)) after connection broken by 'NewConnectionError('<urllib3.connection.HTTPConnection object at 0x101250c10>: Failed to establish a new connection: [Errno 61] Connection refused')': /session/445b42c7-a378-47d1-8822-55322c2159e8/execute/sync
2023-10-11 11:56:34,412 - WARNING - Retrying (Retry(total=0, connect=None, read=None, redirect=None, status=None)) after connection broken by 'NewConnectionError('<urllib3.connection.HTTPConnection object at 0x101250d60>: Failed to establish a new connection: [Errno 61] Connection refused')': /session/445b42c7-a378-47d1-8822-55322c2159e8/execute/sync
2023-10-11 11:56:42,011 - WARNING - Retrying (Retry(total=2, connect=None, read=None, redirect=None, status=None)) after connection broken by 'NewConnectionError('<urllib3.connection.HTTPConnection object at 0x1012530a0>: Failed to establish a new connection: [Errno 61] Connection refused')': /session/445b42c7-a378-47d1-8822-55322c2159e8/execute/sync
2023-10-11 11:56:42,012 - WARNING - Retrying (Retry(total=1, connect=None, read=None, redirect=None, status=None)) after connection broken by 'NewConnectionError('<urllib3.connection.HTTPConnection object at 0x1012531c0>: Failed to establish a new connection: [Errno 61] Connection refused')': /session/445b42c7-a378-47d1-8822-55322c2159e8/execute/sync
2023-10-11 11:56:42,013 - WARNING - Retrying (Retry(total=0, connect=None, read=None, redirect=None, status=None)) after connection broken by 'NewConnectionError('<urllib3.connection.HTTPConnection object at 0x101253310>: Failed to establish a new connection: [Errno 61] Connection refused')': /session/445b42c7-a378-47d1-8822-55322c2159e8/execute/sync
2023-10-11 11:56:43,176 - WARNING - Retrying (Retry(total=2, connect=None, read=None, redirect=None, status=None)) after connection broken by 'NewConnectionError('<urllib3.connection.HTTPConnection object at 0x101253610>: Failed to establish a new connection: [Errno 61] Connection refused')': /session/445b42c7-a378-47d1-8822-55322c2159e8/execute/sync
2023-10-11 11:56:43,177 - WARNING - Retrying (Retry(total=1, connect=None, read=None, redirect=None, status=None)) after connection broken by 'NewConnectionError('<urllib3.connection.HTTPConnection object at 0x10124d430>: Failed to establish a new connection: [Errno 61] Connection refused')': /session/445b42c7-a378-47d1-8822-55322c2159e8/execute/sync
2023-10-11 11:56:43,177 - WARNING - Retrying (Retry(total=0, connect=None, read=None, redirect=None, status=None)) after connection broken by 'NewConnectionError('<urllib3.connection.HTTPConnection object at 0x10124d700>: Failed to establish a new connection: [Errno 61] Connection refused')': /session/445b42c7-a378-47d1-8822-55322c2159e8/execute/sync
2023-10-11 11:56:44,420 - WARNING - Retrying (Retry(total=2, connect=None, read=None, redirect=None, status=None)) after connection broken by 'NewConnectionError('<urllib3.connection.HTTPConnection object at 0x10124d370>: Failed to establish a new connection: [Errno 61] Connection refused')': /session/445b42c7-a378-47d1-8822-55322c2159e8/execute/sync
2023-10-11 11:56:44,421 - WARNING - Retrying (Retry(total=1, connect=None, read=None, redirect=None, status=None)) after connection broken by 'NewConnectionError('<urllib3.connection.HTTPConnection object at 0x10124a610>: Failed to establish a new connection: [Errno 61] Connection refused')': /session/445b42c7-a378-47d1-8822-55322c2159e8/execute/sync
2023-10-11 11:56:44,421 - WARNING - Retrying (Retry(total=0, connect=None, read=None, redirect=None, status=None)) after connection broken by 'NewConnectionError('<urllib3.connection.HTTPConnection object at 0x101117ee0>: Failed to establish a new connection: [Errno 61] Connection refused')': /session/445b42c7-a378-47d1-8822-55322c2159e8/execute/sync
2023-10-11 11:56:52,018 - WARNING - Retrying (Retry(total=2, connect=None, read=None, redirect=None, status=None)) after connection broken by 'NewConnectionError('<urllib3.connection.HTTPConnection object at 0x1011528b0>: Failed to establish a new connection: [Errno 61] Connection refused')': /session/445b42c7-a378-47d1-8822-55322c2159e8/execute/sync
2023-10-11 11:56:52,019 - WARNING - Retrying (Retry(total=1, connect=None, read=None, redirect=None, status=None)) after connection broken by 'NewConnectionError('<urllib3.connection.HTTPConnection object at 0x1012535b0>: Failed to establish a new connection: [Errno 61] Connection refused')': /session/445b42c7-a378-47d1-8822-55322c2159e8/execute/sync
2023-10-11 11:56:52,019 - WARNING - Retrying (Retry(total=0, connect=None, read=None, redirect=None, status=None)) after connection broken by 'NewConnectionError('<urllib3.connection.HTTPConnection object at 0x101253880>: Failed to establish a new connection: [Errno 61] Connection refused')': /session/445b42c7-a378-47d1-8822-55322c2159e8/execute/sync
2023-10-11 11:56:53,180 - WARNING - Retrying (Retry(total=2, connect=None, read=None, redirect=None, status=None)) after connection broken by 'NewConnectionError('<urllib3.connection.HTTPConnection object at 0x101253bb0>: Failed to establish a new connection: [Errno 61] Connection refused')': /session/445b42c7-a378-47d1-8822-55322c2159e8/execute/sync
2023-10-11 11:56:53,180 - WARNING - Retrying (Retry(total=1, connect=None, read=None, redirect=None, status=None)) after connection broken by 'NewConnectionError('<urllib3.connection.HTTPConnection object at 0x101259e50>: Failed to establish a new connection: [Errno 61] Connection refused')': /session/445b42c7-a378-47d1-8822-55322c2159e8/execute/sync
2023-10-11 11:56:53,181 - WARNING - Retrying (Retry(total=0, connect=None, read=None, redirect=None, status=None)) after connection broken by 'NewConnectionError('<urllib3.connection.HTTPConnection object at 0x101259fd0>: Failed to establish a new connection: [Errno 61] Connection refused')': /session/445b42c7-a378-47d1-8822-55322c2159e8/execute/sync
2023-10-11 11:56:54,429 - WARNING - Retrying (Retry(total=2, connect=None, read=None, redirect=None, status=None)) after connection broken by 'NewConnectionError('<urllib3.connection.HTTPConnection object at 0x10125b2e0>: Failed to establish a new connection: [Errno 61] Connection refused')': /session/445b42c7-a378-47d1-8822-55322c2159e8/execute/sync
2023-10-11 11:56:54,431 - WARNING - Retrying (Retry(total=1, connect=None, read=None, redirect=None, status=None)) after connection broken by 'NewConnectionError('<urllib3.connection.HTTPConnection object at 0x10125b400>: Failed to establish a new connection: [Errno 61] Connection refused')': /session/445b42c7-a378-47d1-8822-55322c2159e8/execute/sync
2023-10-11 11:56:54,432 - WARNING - Retrying (Retry(total=0, connect=None, read=None, redirect=None, status=None)) after connection broken by 'NewConnectionError('<urllib3.connection.HTTPConnection object at 0x10125b550>: Failed to establish a new connection: [Errno 61] Connection refused')': /session/445b42c7-a378-47d1-8822-55322c2159e8/execute/sync
2023-10-11 11:57:02,022 - WARNING - Retrying (Retry(total=2, connect=None, read=None, redirect=None, status=None)) after connection broken by 'NewConnectionError('<urllib3.connection.HTTPConnection object at 0x10115ba60>: Failed to establish a new connection: [Errno 61] Connection refused')': /session/445b42c7-a378-47d1-8822-55322c2159e8/execute/sync
2023-10-11 11:57:02,023 - WARNING - Retrying (Retry(total=1, connect=None, read=None, redirect=None, status=None)) after connection broken by 'NewConnectionError('<urllib3.connection.HTTPConnection object at 0x101253ac0>: Failed to establish a new connection: [Errno 61] Connection refused')': /session/445b42c7-a378-47d1-8822-55322c2159e8/execute/sync
2023-10-11 11:57:02,024 - WARNING - Retrying (Retry(total=0, connect=None, read=None, redirect=None, status=None)) after connection broken by 'NewConnectionError('<urllib3.connection.HTTPConnection object at 0x10124d400>: Failed to establish a new connection: [Errno 61] Connection refused')': /session/445b42c7-a378-47d1-8822-55322c2159e8/execute/sync
2023-10-11 11:57:03,186 - WARNING - Retrying (Retry(total=2, connect=None, read=None, redirect=None, status=None)) after connection broken by 'NewConnectionError('<urllib3.connection.HTTPConnection object at 0x10124d430>: Failed to establish a new connection: [Errno 61] Connection refused')': /session/445b42c7-a378-47d1-8822-55322c2159e8/execute/sync
2023-10-11 11:57:03,186 - WARNING - Retrying (Retry(total=1, connect=None, read=None, redirect=None, status=None)) after connection broken by 'NewConnectionError('<urllib3.connection.HTTPConnection object at 0x10125b5e0>: Failed to establish a new connection: [Errno 61] Connection refused')': /session/445b42c7-a378-47d1-8822-55322c2159e8/execute/sync
2023-10-11 11:57:03,187 - WARNING - Retrying (Retry(total=0, connect=None, read=None, redirect=None, status=None)) after connection broken by 'NewConnectionError('<urllib3.connection.HTTPConnection object at 0x10125b730>: Failed to establish a new connection: [Errno 61] Connection refused')': /session/445b42c7-a378-47d1-8822-55322c2159e8/execute/sync
2023-10-11 11:57:04,440 - WARNING - Retrying (Retry(total=2, connect=None, read=None, redirect=None, status=None)) after connection broken by 'NewConnectionError('<urllib3.connection.HTTPConnection object at 0x10125ba60>: Failed to establish a new connection: [Errno 61] Connection refused')': /session/445b42c7-a378-47d1-8822-55322c2159e8/execute/sync
2023-10-11 11:57:04,442 - WARNING - Retrying (Retry(total=1, connect=None, read=None, redirect=None, status=None)) after connection broken by 'NewConnectionError('<urllib3.connection.HTTPConnection object at 0x10125bb80>: Failed to establish a new connection: [Errno 61] Connection refused')': /session/445b42c7-a378-47d1-8822-55322c2159e8/execute/sync
2023-10-11 11:57:04,442 - WARNING - Retrying (Retry(total=0, connect=None, read=None, redirect=None, status=None)) after connection broken by 'NewConnectionError('<urllib3.connection.HTTPConnection object at 0x10125bcd0>: Failed to establish a new connection: [Errno 61] Connection refused')': /session/445b42c7-a378-47d1-8822-55322c2159e8/execute/sync
2023-10-11 11:57:12,029 - WARNING - Retrying (Retry(total=2, connect=None, read=None, redirect=None, status=None)) after connection broken by 'NewConnectionError('<urllib3.connection.HTTPConnection object at 0x10125bfd0>: Failed to establish a new connection: [Errno 61] Connection refused')': /session/445b42c7-a378-47d1-8822-55322c2159e8/execute/sync
2023-10-11 11:57:12,031 - WARNING - Retrying (Retry(total=1, connect=None, read=None, redirect=None, status=None)) after connection broken by 'NewConnectionError('<urllib3.connection.HTTPConnection object at 0x10125e340>: Failed to establish a new connection: [Errno 61] Connection refused')': /session/445b42c7-a378-47d1-8822-55322c2159e8/execute/sync
2023-10-11 11:57:12,032 - WARNING - Retrying (Retry(total=0, connect=None, read=None, redirect=None, status=None)) after connection broken by 'NewConnectionError('<urllib3.connection.HTTPConnection object at 0x10125e1c0>: Failed to establish a new connection: [Errno 61] Connection refused')': /session/445b42c7-a378-47d1-8822-55322c2159e8/execute/sync
2023-10-11 11:57:13,189 - WARNING - Retrying (Retry(total=2, connect=None, read=None, redirect=None, status=None)) after connection broken by 'NewConnectionError('<urllib3.connection.HTTPConnection object at 0x101253790>: Failed to establish a new connection: [Errno 61] Connection refused')': /session/445b42c7-a378-47d1-8822-55322c2159e8/execute/sync
2023-10-11 11:57:13,189 - WARNING - Retrying (Retry(total=1, connect=None, read=None, redirect=None, status=None)) after connection broken by 'NewConnectionError('<urllib3.connection.HTTPConnection object at 0x101250fd0>: Failed to establish a new connection: [Errno 61] Connection refused')': /session/445b42c7-a378-47d1-8822-55322c2159e8/execute/sync
2023-10-11 11:57:13,190 - WARNING - Retrying (Retry(total=0, connect=None, read=None, redirect=None, status=None)) after connection broken by 'NewConnectionError('<urllib3.connection.HTTPConnection object at 0x101117f10>: Failed to establish a new connection: [Errno 61] Connection refused')': /session/445b42c7-a378-47d1-8822-55322c2159e8/execute/sync
2023-10-11 11:57:14,446 - WARNING - Retrying (Retry(total=2, connect=None, read=None, redirect=None, status=None)) after connection broken by 'NewConnectionError('<urllib3.connection.HTTPConnection object at 0x101113f70>: Failed to establish a new connection: [Errno 61] Connection refused')': /session/445b42c7-a378-47d1-8822-55322c2159e8/execute/sync
2023-10-11 11:57:14,447 - WARNING - Retrying (Retry(total=1, connect=None, read=None, redirect=None, status=None)) after connection broken by 'NewConnectionError('<urllib3.connection.HTTPConnection object at 0x10125e460>: Failed to establish a new connection: [Errno 61] Connection refused')': /session/445b42c7-a378-47d1-8822-55322c2159e8/execute/sync
2023-10-11 11:57:14,448 - WARNING - Retrying (Retry(total=0, connect=None, read=None, redirect=None, status=None)) after connection broken by 'NewConnectionError('<urllib3.connection.HTTPConnection object at 0x10125e5b0>: Failed to establish a new connection: [Errno 61] Connection refused')': /session/445b42c7-a378-47d1-8822-55322c2159e8/execute/sync
2023-10-11 11:57:22,037 - WARNING - Retrying (Retry(total=2, connect=None, read=None, redirect=None, status=None)) after connection broken by 'NewConnectionError('<urllib3.connection.HTTPConnection object at 0x10126abb0>: Failed to establish a new connection: [Errno 61] Connection refused')': /session/445b42c7-a378-47d1-8822-55322c2159e8/execute/sync
2023-10-11 11:57:22,038 - WARNING - Retrying (Retry(total=1, connect=None, read=None, redirect=None, status=None)) after connection broken by 'NewConnectionError('<urllib3.connection.HTTPConnection object at 0x10126ad60>: Failed to establish a new connection: [Errno 61] Connection refused')': /session/445b42c7-a378-47d1-8822-55322c2159e8/execute/sync
2023-10-11 11:57:22,038 - WARNING - Retrying (Retry(total=0, connect=None, read=None, redirect=None, status=None)) after connection broken by 'NewConnectionError('<urllib3.connection.HTTPConnection object at 0x10126ae20>: Failed to establish a new connection: [Errno 61] Connection refused')': /session/445b42c7-a378-47d1-8822-55322c2159e8/execute/sync
2023-10-11 11:57:23,197 - WARNING - Retrying (Retry(total=2, connect=None, read=None, redirect=None, status=None)) after connection broken by 'NewConnectionError('<urllib3.connection.HTTPConnection object at 0x10126b160>: Failed to establish a new connection: [Errno 61] Connection refused')': /session/445b42c7-a378-47d1-8822-55322c2159e8/execute/sync
2023-10-11 11:57:23,198 - WARNING - Retrying (Retry(total=1, connect=None, read=None, redirect=None, status=None)) after connection broken by 'NewConnectionError('<urllib3.connection.HTTPConnection object at 0x10126b280>: Failed to establish a new connection: [Errno 61] Connection refused')': /session/445b42c7-a378-47d1-8822-55322c2159e8/execute/sync
2023-10-11 11:57:23,201 - WARNING - Retrying (Retry(total=0, connect=None, read=None, redirect=None, status=None)) after connection broken by 'NewConnectionError('<urllib3.connection.HTTPConnection object at 0x10126b3d0>: Failed to establish a new connection: [Errno 61] Connection refused')': /session/445b42c7-a378-47d1-8822-55322c2159e8/execute/sync
2023-10-11 11:57:24,457 - WARNING - Retrying (Retry(total=2, connect=None, read=None, redirect=None, status=None)) after connection broken by 'NewConnectionError('<urllib3.connection.HTTPConnection object at 0x10125e220>: Failed to establish a new connection: [Errno 61] Connection refused')': /session/445b42c7-a378-47d1-8822-55322c2159e8/execute/sync
2023-10-11 11:57:24,458 - WARNING - Retrying (Retry(total=1, connect=None, read=None, redirect=None, status=None)) after connection broken by 'NewConnectionError('<urllib3.connection.HTTPConnection object at 0x101259df0>: Failed to establish a new connection: [Errno 61] Connection refused')': /session/445b42c7-a378-47d1-8822-55322c2159e8/execute/sync
2023-10-11 11:57:24,459 - WARNING - Retrying (Retry(total=0, connect=None, read=None, redirect=None, status=None)) after connection broken by 'NewConnectionError('<urllib3.connection.HTTPConnection object at 0x101259f70>: Failed to establish a new connection: [Errno 61] Connection refused')': /session/445b42c7-a378-47d1-8822-55322c2159e8/execute/sync
2023-10-11 11:57:32,045 - WARNING - Retrying (Retry(total=2, connect=None, read=None, redirect=None, status=None)) after connection broken by 'NewConnectionError('<urllib3.connection.HTTPConnection object at 0x10125b550>: Failed to establish a new connection: [Errno 61] Connection refused')': /session/445b42c7-a378-47d1-8822-55322c2159e8/execute/sync
2023-10-11 11:57:32,046 - WARNING - Retrying (Retry(total=1, connect=None, read=None, redirect=None, status=None)) after connection broken by 'NewConnectionError('<urllib3.connection.HTTPConnection object at 0x10125ba60>: Failed to establish a new connection: [Errno 61] Connection refused')': /session/445b42c7-a378-47d1-8822-55322c2159e8/execute/sync
2023-10-11 11:57:32,047 - WARNING - Retrying (Retry(total=0, connect=None, read=None, redirect=None, status=None)) after connection broken by 'NewConnectionError('<urllib3.connection.HTTPConnection object at 0x10125b670>: Failed to establish a new connection: [Errno 61] Connection refused')': /session/445b42c7-a378-47d1-8822-55322c2159e8/execute/sync
2023-10-11 11:57:33,205 - WARNING - Retrying (Retry(total=2, connect=None, read=None, redirect=None, status=None)) after connection broken by 'NewConnectionError('<urllib3.connection.HTTPConnection object at 0x10125b610>: Failed to establish a new connection: [Errno 61] Connection refused')': /session/445b42c7-a378-47d1-8822-55322c2159e8/execute/sync
2023-10-11 11:57:33,206 - WARNING - Retrying (Retry(total=1, connect=None, read=None, redirect=None, status=None)) after connection broken by 'NewConnectionError('<urllib3.connection.HTTPConnection object at 0x10125b760>: Failed to establish a new connection: [Errno 61] Connection refused')': /session/445b42c7-a378-47d1-8822-55322c2159e8/execute/sync
2023-10-11 11:57:33,207 - WARNING - Retrying (Retry(total=0, connect=None, read=None, redirect=None, status=None)) after connection broken by 'NewConnectionError('<urllib3.connection.HTTPConnection object at 0x10125bdf0>: Failed to establish a new connection: [Errno 61] Connection refused')': /session/445b42c7-a378-47d1-8822-55322c2159e8/execute/sync
2023-10-11 11:57:34,466 - WARNING - Retrying (Retry(total=2, connect=None, read=None, redirect=None, status=None)) after connection broken by 'NewConnectionError('<urllib3.connection.HTTPConnection object at 0x10125b100>: Failed to establish a new connection: [Errno 61] Connection refused')': /session/445b42c7-a378-47d1-8822-55322c2159e8/execute/sync
2023-10-11 11:57:34,467 - WARNING - Retrying (Retry(total=1, connect=None, read=None, redirect=None, status=None)) after connection broken by 'NewConnectionError('<urllib3.connection.HTTPConnection object at 0x10125b460>: Failed to establish a new connection: [Errno 61] Connection refused')': /session/445b42c7-a378-47d1-8822-55322c2159e8/execute/sync
2023-10-11 11:57:34,467 - WARNING - Retrying (Retry(total=0, connect=None, read=None, redirect=None, status=None)) after connection broken by 'NewConnectionError('<urllib3.connection.HTTPConnection object at 0x10125b2e0>: Failed to establish a new connection: [Errno 61] Connection refused')': /session/445b42c7-a378-47d1-8822-55322c2159e8/execute/sync
2023-10-11 11:57:42,055 - WARNING - Retrying (Retry(total=2, connect=None, read=None, redirect=None, status=None)) after connection broken by 'NewConnectionError('<urllib3.connection.HTTPConnection object at 0x101117f40>: Failed to establish a new connection: [Errno 61] Connection refused')': /session/445b42c7-a378-47d1-8822-55322c2159e8/execute/sync
2023-10-11 11:57:42,055 - WARNING - Retrying (Retry(total=1, connect=None, read=None, redirect=None, status=None)) after connection broken by 'NewConnectionError('<urllib3.connection.HTTPConnection object at 0x101250ac0>: Failed to establish a new connection: [Errno 61] Connection refused')': /session/445b42c7-a378-47d1-8822-55322c2159e8/execute/sync
2023-10-11 11:57:42,057 - WARNING - Retrying (Retry(total=0, connect=None, read=None, redirect=None, status=None)) after connection broken by 'NewConnectionError('<urllib3.connection.HTTPConnection object at 0x10125b5b0>: Failed to establish a new connection: [Errno 61] Connection refused')': /session/445b42c7-a378-47d1-8822-55322c2159e8/execute/sync
2023-10-11 11:57:43,210 - WARNING - Retrying (Retry(total=2, connect=None, read=None, redirect=None, status=None)) after connection broken by 'NewConnectionError('<urllib3.connection.HTTPConnection object at 0x10125bb50>: Failed to establish a new connection: [Errno 61] Connection refused')': /session/445b42c7-a378-47d1-8822-55322c2159e8/execute/sync
2023-10-11 11:57:43,211 - WARNING - Retrying (Retry(total=1, connect=None, read=None, redirect=None, status=None)) after connection broken by 'NewConnectionError('<urllib3.connection.HTTPConnection object at 0x10125bb80>: Failed to establish a new connection: [Errno 61] Connection refused')': /session/445b42c7-a378-47d1-8822-55322c2159e8/execute/sync
2023-10-11 11:57:43,211 - WARNING - Retrying (Retry(total=0, connect=None, read=None, redirect=None, status=None)) after connection broken by 'NewConnectionError('<urllib3.connection.HTTPConnection object at 0x1011528b0>: Failed to establish a new connection: [Errno 61] Connection refused')': /session/445b42c7-a378-47d1-8822-55322c2159e8/execute/sync
2023-10-11 11:57:44,469 - WARNING - Retrying (Retry(total=2, connect=None, read=None, redirect=None, status=None)) after connection broken by 'NewConnectionError('<urllib3.connection.HTTPConnection object at 0x101259df0>: Failed to establish a new connection: [Errno 61] Connection refused')': /session/445b42c7-a378-47d1-8822-55322c2159e8/execute/sync
2023-10-11 11:57:44,470 - WARNING - Retrying (Retry(total=1, connect=None, read=None, redirect=None, status=None)) after connection broken by 'NewConnectionError('<urllib3.connection.HTTPConnection object at 0x10126ab50>: Failed to establish a new connection: [Errno 61] Connection refused')': /session/445b42c7-a378-47d1-8822-55322c2159e8/execute/sync
2023-10-11 11:57:44,471 - WARNING - Retrying (Retry(total=0, connect=None, read=None, redirect=None, status=None)) after connection broken by 'NewConnectionError('<urllib3.connection.HTTPConnection object at 0x10125e070>: Failed to establish a new connection: [Errno 61] Connection refused')': /session/445b42c7-a378-47d1-8822-55322c2159e8/execute/sync
2023-10-11 11:57:52,064 - WARNING - Retrying (Retry(total=2, connect=None, read=None, redirect=None, status=None)) after connection broken by 'NewConnectionError('<urllib3.connection.HTTPConnection object at 0x101250cd0>: Failed to establish a new connection: [Errno 61] Connection refused')': /session/445b42c7-a378-47d1-8822-55322c2159e8/execute/sync
2023-10-11 11:57:52,064 - WARNING - Retrying (Retry(total=1, connect=None, read=None, redirect=None, status=None)) after connection broken by 'NewConnectionError('<urllib3.connection.HTTPConnection object at 0x101250fa0>: Failed to establish a new connection: [Errno 61] Connection refused')': /session/445b42c7-a378-47d1-8822-55322c2159e8/execute/sync
2023-10-11 11:57:52,065 - WARNING - Retrying (Retry(total=0, connect=None, read=None, redirect=None, status=None)) after connection broken by 'NewConnectionError('<urllib3.connection.HTTPConnection object at 0x101253b20>: Failed to establish a new connection: [Errno 61] Connection refused')': /session/445b42c7-a378-47d1-8822-55322c2159e8/execute/sync
2023-10-11 11:57:53,219 - WARNING - Retrying (Retry(total=2, connect=None, read=None, redirect=None, status=None)) after connection broken by 'NewConnectionError('<urllib3.connection.HTTPConnection object at 0x101253a30>: Failed to establish a new connection: [Errno 61] Connection refused')': /session/445b42c7-a378-47d1-8822-55322c2159e8/execute/sync
2023-10-11 11:57:53,220 - WARNING - Retrying (Retry(total=1, connect=None, read=None, redirect=None, status=None)) after connection broken by 'NewConnectionError('<urllib3.connection.HTTPConnection object at 0x101253a00>: Failed to establish a new connection: [Errno 61] Connection refused')': /session/445b42c7-a378-47d1-8822-55322c2159e8/execute/sync
2023-10-11 11:57:53,221 - WARNING - Retrying (Retry(total=0, connect=None, read=None, redirect=None, status=None)) after connection broken by 'NewConnectionError('<urllib3.connection.HTTPConnection object at 0x101253220>: Failed to establish a new connection: [Errno 61] Connection refused')': /session/445b42c7-a378-47d1-8822-55322c2159e8/execute/sync
2023-10-11 11:57:54,479 - WARNING - Retrying (Retry(total=2, connect=None, read=None, redirect=None, status=None)) after connection broken by 'NewConnectionError('<urllib3.connection.HTTPConnection object at 0x101152820>: Failed to establish a new connection: [Errno 61] Connection refused')': /session/445b42c7-a378-47d1-8822-55322c2159e8/execute/sync
2023-10-11 11:57:54,480 - WARNING - Retrying (Retry(total=1, connect=None, read=None, redirect=None, status=None)) after connection broken by 'NewConnectionError('<urllib3.connection.HTTPConnection object at 0x101250be0>: Failed to establish a new connection: [Errno 61] Connection refused')': /session/445b42c7-a378-47d1-8822-55322c2159e8/execute/sync
2023-10-11 11:57:54,481 - WARNING - Retrying (Retry(total=0, connect=None, read=None, redirect=None, status=None)) after connection broken by 'NewConnectionError('<urllib3.connection.HTTPConnection object at 0x10125bd30>: Failed to establish a new connection: [Errno 61] Connection refused')': /session/445b42c7-a378-47d1-8822-55322c2159e8/execute/sync
2023-10-11 11:58:02,073 - WARNING - Retrying (Retry(total=2, connect=None, read=None, redirect=None, status=None)) after connection broken by 'NewConnectionError('<urllib3.connection.HTTPConnection object at 0x10125b880>: Failed to establish a new connection: [Errno 61] Connection refused')': /session/445b42c7-a378-47d1-8822-55322c2159e8/execute/sync
2023-10-11 11:58:02,074 - WARNING - Retrying (Retry(total=1, connect=None, read=None, redirect=None, status=None)) after connection broken by 'NewConnectionError('<urllib3.connection.HTTPConnection object at 0x101253520>: Failed to establish a new connection: [Errno 61] Connection refused')': /session/445b42c7-a378-47d1-8822-55322c2159e8/execute/sync
2023-10-11 11:58:02,075 - WARNING - Retrying (Retry(total=0, connect=None, read=None, redirect=None, status=None)) after connection broken by 'NewConnectionError('<urllib3.connection.HTTPConnection object at 0x101253550>: Failed to establish a new connection: [Errno 61] Connection refused')': /session/445b42c7-a378-47d1-8822-55322c2159e8/execute/sync
2023-10-11 11:58:02,076 - ERROR -             Reached maximium retry attempts, exiting
2023-10-11 11:58:02,078 - WARNING - Retrying (Retry(total=2, connect=None, read=None, redirect=None, status=None)) after connection broken by 'NewConnectionError('<urllib3.connection.HTTPConnection object at 0x10115ba30>: Failed to establish a new connection: [Errno 61] Connection refused')': /session/445b42c7-a378-47d1-8822-55322c2159e8/element
2023-10-11 11:58:02,078 - WARNING - Retrying (Retry(total=1, connect=None, read=None, redirect=None, status=None)) after connection broken by 'NewConnectionError('<urllib3.connection.HTTPConnection object at 0x1012403a0>: Failed to establish a new connection: [Errno 61] Connection refused')': /session/445b42c7-a378-47d1-8822-55322c2159e8/element
2023-10-11 11:58:02,079 - WARNING - Retrying (Retry(total=0, connect=None, read=None, redirect=None, status=None)) after connection broken by 'NewConnectionError('<urllib3.connection.HTTPConnection object at 0x10124d3d0>: Failed to establish a new connection: [Errno 61] Connection refused')': /session/445b42c7-a378-47d1-8822-55322c2159e8/element
2023-10-11 11:58:02,081 - WARNING - Retrying (Retry(total=2, connect=None, read=None, redirect=None, status=None)) after connection broken by 'NewConnectionError('<urllib3.connection.HTTPConnection object at 0x10124d5e0>: Failed to establish a new connection: [Errno 61] Connection refused')': /session/445b42c7-a378-47d1-8822-55322c2159e8/refresh
2023-10-11 11:58:02,082 - WARNING - Retrying (Retry(total=1, connect=None, read=None, redirect=None, status=None)) after connection broken by 'NewConnectionError('<urllib3.connection.HTTPConnection object at 0x10124d880>: Failed to establish a new connection: [Errno 61] Connection refused')': /session/445b42c7-a378-47d1-8822-55322c2159e8/refresh
2023-10-11 11:58:02,082 - WARNING - Retrying (Retry(total=0, connect=None, read=None, redirect=None, status=None)) after connection broken by 'NewConnectionError('<urllib3.connection.HTTPConnection object at 0x10124d1f0>: Failed to establish a new connection: [Errno 61] Connection refused')': /session/445b42c7-a378-47d1-8822-55322c2159e8/refresh
2023-10-11 11:58:03,228 - WARNING - Retrying (Retry(total=2, connect=None, read=None, redirect=None, status=None)) after connection broken by 'NewConnectionError('<urllib3.connection.HTTPConnection object at 0x101fe2fa0>: Failed to establish a new connection: [Errno 61] Connection refused')': /session/445b42c7-a378-47d1-8822-55322c2159e8/execute/sync
2023-10-11 11:58:03,229 - WARNING - Retrying (Retry(total=1, connect=None, read=None, redirect=None, status=None)) after connection broken by 'NewConnectionError('<urllib3.connection.HTTPConnection object at 0x101253670>: Failed to establish a new connection: [Errno 61] Connection refused')': /session/445b42c7-a378-47d1-8822-55322c2159e8/execute/sync
2023-10-11 11:58:03,229 - WARNING - Retrying (Retry(total=0, connect=None, read=None, redirect=None, status=None)) after connection broken by 'NewConnectionError('<urllib3.connection.HTTPConnection object at 0x1012534f0>: Failed to establish a new connection: [Errno 61] Connection refused')': /session/445b42c7-a378-47d1-8822-55322c2159e8/execute/sync
2023-10-11 11:58:03,229 - ERROR -             Reached maximium retry attempts, exiting
2023-10-11 11:58:03,230 - WARNING - Retrying (Retry(total=2, connect=None, read=None, redirect=None, status=None)) after connection broken by 'NewConnectionError('<urllib3.connection.HTTPConnection object at 0x10124beb0>: Failed to establish a new connection: [Errno 61] Connection refused')': /session/445b42c7-a378-47d1-8822-55322c2159e8/element
2023-10-11 11:58:03,230 - WARNING - Retrying (Retry(total=1, connect=None, read=None, redirect=None, status=None)) after connection broken by 'NewConnectionError('<urllib3.connection.HTTPConnection object at 0x10124a1f0>: Failed to establish a new connection: [Errno 61] Connection refused')': /session/445b42c7-a378-47d1-8822-55322c2159e8/element
2023-10-11 11:58:03,231 - WARNING - Retrying (Retry(total=0, connect=None, read=None, redirect=None, status=None)) after connection broken by 'NewConnectionError('<urllib3.connection.HTTPConnection object at 0x10124a0d0>: Failed to establish a new connection: [Errno 61] Connection refused')': /session/445b42c7-a378-47d1-8822-55322c2159e8/element
2023-10-11 11:58:03,231 - WARNING - Retrying (Retry(total=2, connect=None, read=None, redirect=None, status=None)) after connection broken by 'NewConnectionError('<urllib3.connection.HTTPConnection object at 0x10124a550>: Failed to establish a new connection: [Errno 61] Connection refused')': /session/445b42c7-a378-47d1-8822-55322c2159e8/refresh
2023-10-11 11:58:03,232 - WARNING - Retrying (Retry(total=1, connect=None, read=None, redirect=None, status=None)) after connection broken by 'NewConnectionError('<urllib3.connection.HTTPConnection object at 0x10126b130>: Failed to establish a new connection: [Errno 61] Connection refused')': /session/445b42c7-a378-47d1-8822-55322c2159e8/refresh
2023-10-11 11:58:03,233 - WARNING - Retrying (Retry(total=0, connect=None, read=None, redirect=None, status=None)) after connection broken by 'NewConnectionError('<urllib3.connection.HTTPConnection object at 0x10126b5e0>: Failed to establish a new connection: [Errno 61] Connection refused')': /session/445b42c7-a378-47d1-8822-55322c2159e8/refresh
2023-10-11 11:58:04,488 - WARNING - Retrying (Retry(total=2, connect=None, read=None, redirect=None, status=None)) after connection broken by 'NewConnectionError('<urllib3.connection.HTTPConnection object at 0x10126b880>: Failed to establish a new connection: [Errno 61] Connection refused')': /session/445b42c7-a378-47d1-8822-55322c2159e8/execute/sync
2023-10-11 11:58:04,489 - WARNING - Retrying (Retry(total=1, connect=None, read=None, redirect=None, status=None)) after connection broken by 'NewConnectionError('<urllib3.connection.HTTPConnection object at 0x10126ba00>: Failed to establish a new connection: [Errno 61] Connection refused')': /session/445b42c7-a378-47d1-8822-55322c2159e8/execute/sync
2023-10-11 11:58:04,490 - WARNING - Retrying (Retry(total=0, connect=None, read=None, redirect=None, status=None)) after connection broken by 'NewConnectionError('<urllib3.connection.HTTPConnection object at 0x10126bb50>: Failed to establish a new connection: [Errno 61] Connection refused')': /session/445b42c7-a378-47d1-8822-55322c2159e8/execute/sync
2023-10-11 11:58:04,491 - ERROR -             Reached maximium retry attempts, exiting
2023-10-11 11:58:04,493 - WARNING - Retrying (Retry(total=2, connect=None, read=None, redirect=None, status=None)) after connection broken by 'NewConnectionError('<urllib3.connection.HTTPConnection object at 0x10124a340>: Failed to establish a new connection: [Errno 61] Connection refused')': /session/445b42c7-a378-47d1-8822-55322c2159e8/element
2023-10-11 11:58:04,494 - WARNING - Retrying (Retry(total=1, connect=None, read=None, redirect=None, status=None)) after connection broken by 'NewConnectionError('<urllib3.connection.HTTPConnection object at 0x10124a4c0>: Failed to establish a new connection: [Errno 61] Connection refused')': /session/445b42c7-a378-47d1-8822-55322c2159e8/element
2023-10-11 11:58:04,494 - WARNING - Retrying (Retry(total=0, connect=None, read=None, redirect=None, status=None)) after connection broken by 'NewConnectionError('<urllib3.connection.HTTPConnection object at 0x10124a370>: Failed to establish a new connection: [Errno 61] Connection refused')': /session/445b42c7-a378-47d1-8822-55322c2159e8/element
2023-10-11 11:58:04,496 - WARNING - Retrying (Retry(total=2, connect=None, read=None, redirect=None, status=None)) after connection broken by 'NewConnectionError('<urllib3.connection.HTTPConnection object at 0x10125bc10>: Failed to establish a new connection: [Errno 61] Connection refused')': /session/445b42c7-a378-47d1-8822-55322c2159e8/refresh
2023-10-11 11:58:04,497 - WARNING - Retrying (Retry(total=1, connect=None, read=None, redirect=None, status=None)) after connection broken by 'NewConnectionError('<urllib3.connection.HTTPConnection object at 0x101253550>: Failed to establish a new connection: [Errno 61] Connection refused')': /session/445b42c7-a378-47d1-8822-55322c2159e8/refresh
2023-10-11 11:58:04,497 - WARNING - Retrying (Retry(total=0, connect=None, read=None, redirect=None, status=None)) after connection broken by 'NewConnectionError('<urllib3.connection.HTTPConnection object at 0x101253670>: Failed to establish a new connection: [Errno 61] Connection refused')': /session/445b42c7-a378-47d1-8822-55322c2159e8/refresh
