2023-10-09 12:51:25,413 - INFO - Export button disabled for candidate: HARRISON-GAGE-WOODARD WRIGHT, State: AL, District: 05
2023-10-09 12:54:58,699 - INFO - Export button disabled for candidate: CHRISTOPHER CONSTANT, State: AK, District: 00
2023-10-09 12:58:07,486 - INFO - Export button disabled for candidate: RANDY PURHAM, State: AK, District: 00
2023-10-09 13:00:42,364 - INFO - Failed to find candidate. State: AK, District: 00
2023-10-09 14:16:17,308 - INFO - Export button disabled for candidate: ERIC ULIS, State: AZ, District: 06
2023-10-09 15:00:16,107 - INFO - Export button disabled for candidate: JAMES-FRENCH HILL, State: AR, District: 02
2023-10-09 15:43:39,952 - INFO - Export button disabled for candidate: SETH NEWMAN, State: CA, District: 04
2023-10-09 17:19:51,572 - INFO - Export button disabled for candidate: ROBERT-BUZZ PATTERSON, State: CA, District: 07
2023-10-09 17:23:40,296 - INFO - Export button disabled for candidate: KARENA FENG, State: CA, District: 09
2023-10-09 17:44:49,825 - INFO - Export button disabled for candidate: PHIL ARBALLO, State: CA, District: 13
2023-10-09 17:57:15,219 - INFO - Download failed for candidate: DIEGO-J MARTINEZ, State: CA, District: 13
2023-10-09 18:50:40,748 - INFO - Export button disabled for candidate: RISHI KUMAR, State: CA, District: 16
2023-10-09 19:08:48,939 - INFO - Check for funding data failed for candidate: ROHIT KHANNA, State: CA, District: 17
2023-10-09 19:12:37,941 - INFO - Export button disabled for candidate: KEVIN MCCARTHY, State: CA, District: 20
2023-10-09 19:13:14,662 - INFO - Export button disabled for candidate: MARISA WOOD, State: CA, District: 20
2023-10-09 19:17:37,269 - INFO - Export button disabled for candidate: MARTHA-ELENA-DR FLORES-GIBSON, State: CA, District: 21
2023-10-09 19:37:28,093 - INFO - No data to export for candidate: BRUNO AMATO, State: CA, District: 23
2023-10-09 22:13:58,763 - INFO - Export button disabled for candidate: ARTHUR-LAVERNE-DR PETERSON, State: CA, District: 39
2023-10-09 23:58:40,797 - INFO - Export button disabled for candidate: REBECCA KELTIE, State: CO, District: 05
2023-10-09 23:59:58,113 - INFO - Export button disabled for candidate: MARCUS MURPHY, State: CO, District: 05
2023-10-10 00:41:04,225 - INFO - Export button disabled for candidate: LAUREL-ANNE IMER, State: CO, District: 07
2023-10-10 01:28:45,195 - INFO - Export button disabled for candidate: JIM GRIFFIN, State: CT, District: 01
2023-10-10 02:52:17,320 - INFO - Export button disabled for candidate: GREGORY-CHARLES-CHARLES MERK, State: FL, District: 01
2023-10-10 03:38:01,911 - INFO - Export button disabled for candidate: ERICK-JAVIER AGUILAR, State: FL, District: 04
2023-10-10 08:22:39,676 - INFO - Export button disabled for candidate: LATERESA-ANN JONES, State: FL, District: 10
2023-10-10 09:09:53,919 - INFO - Export button disabled for candidate: SHANTE MUNNS, State: FL, District: 11
2023-10-10 10:40:17,115 - INFO - Check for funding data failed for candidate: ANGEL-SALVADOR URBINA, State: FL, District: 14
2023-10-10 11:29:34,256 - INFO - Export button disabled for candidate: DENNIS ROSS, State: FL, District: 15
